BUILD: CanonicalizePathName: GetFileAttributes("c:\program files\ntddk\" --> C:\WINDDK\3790\src\kernel\G8BPQ Serial Emulator\SRC\"c:\program files\ntddk\") failed - rc = 123.
BUILD: Examining c:\winddk\3790\src\kernel\g8bpq serial emulator\src directory for files to compile.
Compiling c:\winddk\3790\src\kernel\g8bpq serial emulator\src directory ********************
'nmake.exe /c BUILDMSG=Stop. -i NTTEST= UMTEST= NOLINK=1 386=1'
	jvc /nologo /cp c:\winddk\3790\public\sdk\classes\afc.zip;c:\winddk\3790\public\sdk\classes\classes.zip;C:\WINDDK\3790\src\kernel\G8BPQSerialEmulator\SRC; /O /w4 /d objfre_wxp_x86\i386 
'jvc' is not recognized as an internal or external command,
operable program or batch file.
	jvc /nologo /cp c:\winddk\3790\public\sdk\classes\afc.zip;c:\winddk\3790\public\sdk\classes\classes.zip;C:\WINDDK\3790\src\kernel\G8BPQSerialEmulator\SRC; /O /w4 /d objfre_wxp_x86\i386 
'jvc' is not recognized as an internal or external command,
operable program or batch file.
	jvc /nologo /cp c:\winddk\3790\public\sdk\classes\afc.zip;c:\winddk\3790\public\sdk\classes\classes.zip;C:\WINDDK\3790\src\kernel\G8BPQSerialEmulator\SRC; /O /w4 /d objfre_wxp_x86\i386 
'jvc' is not recognized as an internal or external command,
operable program or batch file.
Linking c:\winddk\3790\src\kernel\g8bpq serial emulator\src directory ********************
'nmake.exe /c BUILDMSG=Stop. -i LINKONLY=1 NOPASS0=1 NTTEST= UMTEST= 386=1'
	jvc /nologo /cp c:\winddk\3790\public\sdk\classes\afc.zip;c:\winddk\3790\public\sdk\classes\classes.zip;C:\WINDDK\3790\src\kernel\G8BPQSerialEmulator\SRC; /O /w4 /d objfre_wxp_x86\i386 
'jvc' is not recognized as an internal or external command,
operable program or batch file.
	jvc /nologo /cp c:\winddk\3790\public\sdk\classes\afc.zip;c:\winddk\3790\public\sdk\classes\classes.zip;C:\WINDDK\3790\src\kernel\G8BPQSerialEmulator\SRC; /O /w4 /d objfre_wxp_x86\i386 
'jvc' is not recognized as an internal or external command,
operable program or batch file.
	jvc /nologo /cp c:\winddk\3790\public\sdk\classes\afc.zip;c:\winddk\3790\public\sdk\classes\classes.zip;C:\WINDDK\3790\src\kernel\G8BPQSerialEmulator\SRC; /O /w4 /d objfre_wxp_x86\i386 
'jvc' is not recognized as an internal or external command,
operable program or batch file.
