BUILD: CanonicalizePathName: GetFileAttributes("c:\winddk\" --> C:\Dev\Source\BPQVirtualCOM\"c:\winddk\") failed - rc = 123.
BUILD: Examining c:\dev\source\bpqvirtualcom directory for files to compile.
Compiling (NoSync) c:\dev\source\bpqvirtualcom directory ********************
'nmake.exe /nologo BUILDMSG=Stop. -i NTTEST= UMTEST= NOLINK=1 386=1'
	mc -h . -r .  bpqvcommsgs.mc
MC: Compiling bpqvcommsgs.mc
    rc -l 409 -DSXS_ASSEMBLY_NAME=""""""  -DSXS_ASSEMBLY_LANGUAGE=""""""  -DSXS_PROCESSOR_ARCHITECTURE="""x86"""  -DSXS_TARGET="""BPQVirtualCOM.sys"""   -DSYSTEM_COMPATIBLE_ASSEMBLY_NAME="""Microsoft.Windows.SystemCompatible"""  -DLSYSTEM_COMPATIBLE_ASSEMBLY_NAME=L"""Microsoft.Windows.SystemCompatible"""   -DSXS_ASSEMBLY_VERSION="""""" -z "MS Sans Serif,Helv/MS Shell Dlg"  -r -fo objchk_w2K_x86\i386\bpqvirtualcom.res -D_X86_=1 -Di386=1  -DSTD_CALL -DCONDITION_HANDLING=1   -DNT_INST=0 -DWIN32=100 -D_NT1X_=100 -DWINNT=1 -D_WIN32_WINNT=0x0500 /DWINVER=0x0500 -D_WIN32_IE=0x0501    -DWIN32_LEAN_AND_MEAN=1 -DDEVL=1 -DDBG=1 -D__BUILDMACHINE__=WinDDK -DFPO=0  -DNDEBUG -D_DLL=1    -IC:\WINDDK\3790~1.183\inc\mfc42 -I"C:\WINDDK\" -Iobjchk_w2K_x86\i386 -IC:\WINDDK\3790~1.183\inc\w2K -IC:\WINDDK\3790~1.183\inc\w2K -IC:\WINDDK\3790~1.183\inc\ddk\w2K -IC:\WINDDK\3790~1.183\inc\ddk\wdm\w2K -IC:\WINDDK\3790~1.183\inc\crt .\bpqvirtualcom.rc
cl -nologo -Ii386\ -I. -IC:\WINDDK\3790~1.183\inc\mfc42 -I"C:\WINDDK\" -Iobjchk_w2K_x86\i386 -IC:\WINDDK\3790~1.183\inc\w2K -IC:\WINDDK\3790~1.183\inc\w2K -IC:\WINDDK\3790~1.183\inc\ddk\w2K -IC:\WINDDK\3790~1.183\inc\ddk\wdm\w2K -IC:\WINDDK\3790~1.183\inc\crt -D_X86_=1 -Di386=1  -DSTD_CALL -DCONDITION_HANDLING=1   -DNT_INST=0 -DWIN32=100 -D_NT1X_=100 -DWINNT=1 -D_WIN32_WINNT=0x0500 /DWINVER=0x0500 -D_WIN32_IE=0x0501    -DWIN32_LEAN_AND_MEAN=1 -DDEVL=1 -DDBG=1 -D__BUILDMACHINE__=WinDDK -DFPO=0  -DNDEBUG -D_DLL=1      /c /Zl /Zp8 /Gy /Gm- -cbstring /W3 /WX /Gz  /GX-  /GR- /GF /GS /G6 /Ze /Gi- /QIfdiv- /hotpatch -Z7 /Od /Oi  /Oy-   -FIC:\WINDDK\3790~1.183\inc\w2K\warning.h   .\bpqvirtualcom.c 
bpqvirtualcom.c

Stop.
Linking c:\dev\source\bpqvirtualcom directory ********************
'nmake.exe /nologo BUILDMSG=Stop. -i LINKONLY=1 NOPASS0=1 NTTEST= UMTEST= 386=1'
	link -out:.\i386\BPQVirtualCOM.sys -machine:ix86 @C:\DOCUME~1\COMPAQ~1\LOCALS~1\Temp\nm53.tmp
Microsoft (R) Incremental Linker Version 7.10.4035
Copyright (C) Microsoft Corporation.  All rights reserved.

-MERGE:_PAGE=PAGE 
-MERGE:_TEXT=.text 
-SECTION:INIT,d 
-OPT:REF 
-OPT:ICF 
-IGNORE:4198,4010,4037,4039,4065,4070,4078,4087,4089,4221 
-INCREMENTAL:NO 
-FULLBUILD 
/release 
-NODEFAULTLIB 
/WX 
-debug 
-debugtype:cv 
-version:5.0 
-osversion:5.0 
/functionpadmin:5 
/pdbcompress 
-STACK:0x40000,0x1000 
-driver 
-base:0x10000 
-align:0x80 /stub:C:\WINDDK\3790~1.183\lib\w2K\stub512.com 
-subsystem:native,5.00 
-entry:GsDriverEntry@8 
-out:.\i386\BPQVirtualCOM.sys 
objchk_w2K_x86\i386\bpqvirtualcom.res 
objchk_w2K_x86\i386\bpqvirtualcom.obj 
C:\WINDDK\3790~1.183\lib\w2K\i386\BufferOverflowK.lib 
C:\WINDDK\3790~1.183\lib\w2K\i386\ntoskrnl.lib 
C:\WINDDK\3790~1.183\lib\w2K\i386\hal.lib 
C:\WINDDK\3790~1.183\lib\w2K\i386\wmilib.lib 
C:\WINDDK\3790~1.183\lib\w2K\i386\sehupd.lib 
	echo Skip Binplace:
Skip Binplace:

Stop.
