BUILD: CanonicalizePathName: GetFileAttributes("c:\winddk\" --> C:\msdev\Projects\BPQVirtualCOM\"c:\winddk\") failed - rc = 123.
BUILD: Examining c:\msdev\projects\bpqvirtualcom directory for files to compile.
Compiling c:\msdev\projects\bpqvirtualcom directory ********************
'nmake.exe /c BUILDMSG=Stop. -i NTTEST= UMTEST= NOLINK=1 386=1'
	mc -h . -r .  bpqvcommsgs.mc
MC: Compiling bpqvcommsgs.mc
    rc -l 409 -DSXS_ASSEMBLY_NAME=""""""  -DSXS_ASSEMBLY_VERSION=""""""  -DSXS_ASSEMBLY_LANGUAGE=""""""  -DSXS_PROCESSOR_ARCHITECTURE="""x86"""  -DSXS_TARGET="""BPQVirtualCOM.sys"""   -DSYSTEM_COMPATIBLE_ASSEMBLY_NAME="""Microsoft.Windows.SystemCompatible"""  -DLSYSTEM_COMPATIBLE_ASSEMBLY_NAME=L"""Microsoft.Windows.SystemCompatible"""   -z "MS Sans Serif,Helv/MS Shell Dlg"  -r -fo objchk_wxp_x86\i386\bpqvirtualcom.res -D_X86_=1 -Di386=1  -DSTD_CALL -DCONDITION_HANDLING=1   -DNT_INST=0 -DWIN32=100 -D_NT1X_=100 -DWINNT=1 -D_WIN32_WINNT=0x0501 /DWINVER=0x0501 -D_WIN32_IE=0x0600    -DWIN32_LEAN_AND_MEAN=1 -DDEVL=1 -DDBG=1 -D__BUILDMACHINE__=WinDDK -DFPO=0  -DNDEBUG -D_DLL=1    -IC:\WINDDK\3790\inc\mfc42 -I"C:\WINDDK\" -Iobjchk_wxp_x86\i386 -IC:\WINDDK\3790\inc\wxp -IC:\WINDDK\3790\inc\wxp -IC:\WINDDK\3790\inc\ddk\wxp -IC:\WINDDK\3790\inc\ddk\wdm\wxp -IC:\WINDDK\3790\inc\crt .\bpqvirtualcom.rc
cl -nologo -Ii386\ -I. -IC:\WINDDK\3790\inc\mfc42 -I"C:\WINDDK\" -Iobjchk_wxp_x86\i386 -IC:\WINDDK\3790\inc\wxp -IC:\WINDDK\3790\inc\wxp -IC:\WINDDK\3790\inc\ddk\wxp -IC:\WINDDK\3790\inc\ddk\wdm\wxp -IC:\WINDDK\3790\inc\crt -D_X86_=1 -Di386=1  -DSTD_CALL -DCONDITION_HANDLING=1   -DNT_INST=0 -DWIN32=100 -D_NT1X_=100 -DWINNT=1 -D_WIN32_WINNT=0x0501 /DWINVER=0x0501 -D_WIN32_IE=0x0600    -DWIN32_LEAN_AND_MEAN=1 -DDEVL=1 -DDBG=1 -D__BUILDMACHINE__=WinDDK -DFPO=0  -DNDEBUG -D_DLL=1      /c /Zel /Zp8 /Gy /Gi- /Gm- -cbstring /W3 /WX /Gz  /QIfdiv- /G6 /GX-  /GR- /GF  -Z7 /Od /Oi  /Oy-   -FIC:\WINDDK\3790\inc\wxp\warning.h   .\bpqvirtualcom.c 
bpqvirtualcom.c

Stop.
Linking c:\msdev\projects\bpqvirtualcom directory ********************
'nmake.exe /c BUILDMSG=Stop. -i LINKONLY=1 NOPASS0=1 NTTEST= UMTEST= 386=1'
	link -out:.\i386\BPQVirtualCOM.sys -machine:ix86 @C:\DOCUME~1\John\LOCALS~1\Temp\nm3A.tmp
Microsoft (R) Incremental Linker Version 7.10.2179
Copyright (C) Microsoft Corporation.  All rights reserved.

-MERGE:_PAGE=PAGE 
-MERGE:_TEXT=.text 
-SECTION:INIT,d 
-OPT:REF 
-OPT:ICF 
-IGNORE:4198,4010,4037,4039,4065,4070,4078,4087,4089,4221 
-INCREMENTAL:NO 
-FULLBUILD 
/release 
-NODEFAULTLIB 
/WX 
-debug:FULL 
-debugtype:cv 
-version:5.1 
-osversion:5.1 
-STACK:0x40000,0x1000 
-driver 
-base:0x10000 
-align:0x80 /stub:C:\WINDDK\3790\lib\wxp\stub512.com 
-subsystem:native,5.01 
-entry:DriverEntry@8 
-out:.\i386\BPQVirtualCOM.sys 
objchk_wxp_x86\i386\bpqvirtualcom.res 
objchk_wxp_x86\i386\bpqvirtualcom.obj 
C:\WINDDK\3790\lib\wxp\i386\ntoskrnl.lib 
C:\WINDDK\3790\lib\wxp\i386\hal.lib 
C:\WINDDK\3790\lib\wxp\i386\wmilib.lib 
C:\WINDDK\3790\lib\wxp\i386\sehupd.lib 
	echo Skip Binplace:
Skip Binplace:

Stop.
