08:39:17 Command to Host BUFFER 38
08:39:21 Command to Host BUSY TRUE
08:40:25 Command to Host BUFFER 38
08:41:54 Command to Host BUSY FALSE
08:42:02 Command to Host BUFFER 38
08:42:03 Input peaks = -13, 265
08:42:12 Command to Host BUFFER 38
08:42:15 Input peaks = -10, 9
08:42:22 Command to Host BUFFER 38
08:42:30 Input peaks = -11, 10
08:42:36 Command to Host BUFFER 38
08:42:41 Input peaks = -10, 10
08:42:46 Command to Host BUFFER 38
08:42:53 Input peaks = -11, 10
08:42:57 Command to Host BUFFER 38
08:43:04 Input peaks = -10, 10
08:43:19 Command to Host BUFFER 38
08:43:29 Command to Host BUFFER 38
08:44:08 Input peaks = -10, 11
08:44:18 Command to Host BUFFER 38
08:44:18 Input peaks = -11, 10
08:44:28 Command to Host BUFFER 38
08:44:28 Input peaks = -10, 11
08:44:38 Command to Host BUFFER 38
08:44:38 Input peaks = -10, 10
08:44:48 Command to Host BUFFER 38
08:44:48 Input peaks = -10, 10
08:44:58 Command to Host BUFFER 38
08:44:58 Input peaks = -10, 10
08:45:08 Command to Host BUFFER 38
08:45:09 Input peaks = -11, 12
08:45:18 Command to Host BUFFER 38
08:45:19 Input peaks = -10, 11
08:45:28 Command to Host BUFFER 38
08:45:29 Input peaks = -10, 10
08:45:38 Command to Host BUFFER 38
08:45:39 Input peaks = -11, 10
08:45:48 Command to Host BUFFER 38
08:45:49 Input peaks = -10, 10
08:45:58 Command to Host BUFFER 38
08:45:59 Input peaks = -10, 10
08:46:08 Command to Host BUFFER 38
08:46:09 Input peaks = -10, 10
08:46:18 Command to Host BUFFER 38
08:46:19 Input peaks = -10, 10
08:46:28 Command to Host BUFFER 38
08:46:29 Input peaks = -11, 11
08:46:38 Command to Host BUFFER 38
08:46:39 Input peaks = -9, 11
08:46:48 Command to Host BUFFER 38
08:46:50 Input peaks = -10, 10
08:46:58 Command to Host BUFFER 38
08:47:00 Input peaks = -11, 11
08:47:08 Command to Host BUFFER 38
08:47:10 Input peaks = -10, 10
08:47:18 Command to Host BUFFER 38
08:47:20 Input peaks = -12, 11
08:47:28 Command to Host BUFFER 38
08:47:30 Input peaks = -10, 10
08:47:38 Command to Host BUFFER 38
08:47:40 Input peaks = -10, 10
08:47:42 Command to Host BUSY TRUE
08:47:44 Command to Host BUSY FALSE
08:47:44 Command to Host BUSY TRUE
08:47:46 Command to Host BUSY FALSE
08:47:48 Command to Host BUFFER 38
08:47:50 Input peaks = -54, 52
08:47:58 Command to Host BUFFER 38
08:48:00 Input peaks = -10, 10
08:48:08 Command to Host BUFFER 38
08:48:10 Input peaks = -10, 10
08:48:18 Command to Host BUFFER 38
08:48:20 Input peaks = -10, 10
08:48:28 Command to Host BUFFER 38
08:48:30 Input peaks = -10, 11
08:48:38 Command to Host BUFFER 38
08:48:41 Input peaks = -10, 10
08:48:48 Command to Host BUFFER 38
08:48:51 Input peaks = -10, 10
08:48:58 Command to Host BUFFER 38
08:49:01 Input peaks = -11, 11
08:49:08 Command to Host BUFFER 38
08:49:11 Input peaks = -11, 10
08:49:18 Command to Host BUFFER 38
08:49:21 Input peaks = -10, 10
08:49:28 Command to Host BUFFER 38
08:49:31 Input peaks = -11, 10
08:49:38 Command to Host BUFFER 38
08:49:41 Input peaks = -10, 10
08:49:48 Command to Host BUFFER 38
08:49:51 Input peaks = -10, 10
08:49:58 Command to Host BUFFER 38
08:50:01 Input peaks = -11, 10
08:50:08 Command to Host BUFFER 38
08:50:12 Input peaks = -10, 10
08:50:18 Command to Host BUFFER 38
08:50:22 Input peaks = -10, 11
08:50:28 Command to Host BUFFER 38
08:50:32 Input peaks = -10, 10
08:50:38 Command to Host BUFFER 38
08:50:42 Input peaks = -11, 10
08:50:49 Command to Host BUFFER 38
08:50:52 Input peaks = -12, 10
08:50:59 Command to Host BUFFER 38
08:51:02 Input peaks = -10, 10
08:51:09 Command to Host BUFFER 38
08:51:12 Input peaks = -10, 10
08:51:19 Command to Host BUFFER 38
08:51:22 Input peaks = -11, 10
08:51:29 Command to Host BUFFER 38
08:51:32 Input peaks = -11, 10
08:51:39 Command to Host BUFFER 38
08:51:42 Input peaks = -11, 10
08:51:49 Command to Host BUFFER 38
08:51:53 Input peaks = -12, 10
08:51:59 Command to Host BUFFER 38
08:52:03 Input peaks = -11, 10
08:52:09 Command to Host BUFFER 38
08:52:13 Input peaks = -10, 11
08:52:19 Command to Host BUFFER 38
08:52:23 Input peaks = -11, 11
08:52:29 Command to Host BUFFER 38
08:52:33 Input peaks = -9, 9
08:52:39 Command to Host BUFFER 38
08:52:43 Input peaks = -11, 10
08:52:49 Command to Host BUFFER 38
08:52:53 Input peaks = -12, 10
08:52:59 Command to Host BUFFER 38
08:53:03 Input peaks = -11, 10
08:53:09 Command to Host BUFFER 38
08:53:13 Input peaks = -10, 11
08:53:19 Command to Host BUFFER 38
08:53:23 Input peaks = -10, 10
08:53:29 Command to Host BUFFER 38
08:53:34 Input peaks = -9, 10
08:53:39 Command to Host BUFFER 38
08:53:44 Input peaks = -12, 11
08:53:49 Command to Host BUFFER 38
08:53:54 Input peaks = -11, 10
08:53:59 Command to Host BUFFER 38
08:54:04 Input peaks = -10, 10
08:54:09 Command to Host BUFFER 38
08:54:14 Input peaks = -10, 12
08:54:19 Command to Host BUFFER 38
08:54:24 Input peaks = -10, 10
08:54:29 Command to Host BUFFER 38
08:54:34 Input peaks = -10, 9
08:54:39 Command to Host BUFFER 38
08:54:44 Input peaks = -10, 9
08:54:49 Command to Host BUFFER 38
08:54:54 Input peaks = -11, 11
08:54:59 Command to Host BUFFER 38
08:55:05 Input peaks = -10, 10
08:55:09 Command to Host BUFFER 38
08:55:15 Input peaks = -11, 10
08:55:19 Command to Host BUFFER 38
08:55:25 Input peaks = -11, 10
08:55:29 Command to Host BUFFER 38
08:55:35 Input peaks = -10, 9
08:55:39 Command to Host BUFFER 38
08:55:45 Input peaks = -10, 10
08:55:49 Command to Host BUFFER 38
08:55:55 Input peaks = -10, 10
08:55:59 Command to Host BUFFER 38
08:56:05 Input peaks = -11, 10
08:56:09 Command to Host BUFFER 38
08:56:15 Input peaks = -11, 10
08:56:19 Command to Host BUFFER 38
08:56:25 Input peaks = -10, 9
08:56:29 Command to Host BUFFER 38
08:56:35 Input peaks = -10, 10
08:56:39 Command to Host BUFFER 38
08:56:46 Input peaks = -11, 12
08:56:49 Command to Host BUFFER 38
08:56:56 Input peaks = -10, 11
08:56:59 Command to Host BUFFER 38
08:57:06 Input peaks = -10, 9
08:57:09 Command to Host BUFFER 38
08:57:16 Input peaks = -11, 10
08:57:19 Command to Host BUFFER 38
08:57:26 Input peaks = -11, 10
08:57:29 Command to Host BUFFER 38
08:57:36 Input peaks = -11, 10
08:57:39 Command to Host BUFFER 38
08:57:46 Input peaks = -10, 10
08:57:49 Command to Host BUFFER 38
08:57:56 Input peaks = -10, 11
08:57:59 Command to Host BUFFER 38
08:58:06 Input peaks = -9, 11
08:58:09 Command to Host BUFFER 38
08:58:12 Command to Host BUSY TRUE
08:58:16 Input peaks = -89, 92
08:58:19 Command to Host BUFFER 38
08:58:19 Command to Host BUSY FALSE
08:58:27 Input peaks = -10, 10
08:58:29 Command to Host BUFFER 38
08:58:37 Input peaks = -10, 12
08:58:39 Command to Host BUFFER 38
08:58:47 Input peaks = -10, 10
08:58:49 Command to Host BUFFER 38
08:58:57 Input peaks = -10, 12
08:58:59 Command to Host BUFFER 38
08:59:08 Input peaks = -11, 11
08:59:09 Command to Host BUFFER 38
08:59:18 Input peaks = -11, 9
08:59:19 Command to Host BUFFER 38
08:59:28 Input peaks = -10, 12
08:59:29 Command to Host BUFFER 38
08:59:38 Input peaks = -10, 9
08:59:39 Command to Host BUFFER 38
08:59:48 Input peaks = -12, 10
08:59:49 Command to Host BUFFER 38
08:59:58 Input peaks = -9, 9
08:59:59 Command to Host BUFFER 38
09:00:08 Input peaks = -10, 12
09:00:09 Command to Host BUFFER 38
09:00:18 Input peaks = -11, 10
09:00:19 Command to Host BUFFER 38
09:00:28 Input peaks = -10, 10
09:00:29 Command to Host BUFFER 38
09:00:38 Input peaks = -12, 9
09:00:39 Command to Host BUFFER 38
09:00:49 Input peaks = -10, 10
09:00:49 Command to Host BUFFER 38
09:00:59 Input peaks = -12, 10
09:00:59 Command to Host BUFFER 38
09:01:09 Input peaks = -11, 11
09:01:09 Command to Host BUFFER 38
09:01:19 Input peaks = -11, 10
09:01:19 Command to Host BUFFER 38
09:01:29 Input peaks = -12, 10
09:01:29 Command to Host BUFFER 38
09:01:39 Input peaks = -11, 10
09:01:39 Command to Host BUFFER 38
09:01:49 Input peaks = -12, 10
09:01:49 Command to Host BUFFER 38
09:01:59 Input peaks = -10, 10
09:01:59 Command to Host BUFFER 38
09:02:09 Input peaks = -11, 10
09:02:09 Command to Host BUFFER 38
09:02:19 Command to Host BUFFER 38
09:02:19 Input peaks = -11, 10
09:02:29 Command to Host BUFFER 38
09:02:30 Input peaks = -10, 10
09:02:39 Command to Host BUFFER 38
09:02:40 Input peaks = -11, 10
09:02:49 Command to Host BUFFER 38
09:02:50 Input peaks = -11, 10
09:02:59 Command to Host BUFFER 38
09:03:00 Input peaks = -10, 11
09:03:09 Command to Host BUFFER 38
09:03:10 Input peaks = -11, 9
09:03:19 Command to Host BUFFER 38
09:03:20 Input peaks = -12, 10
09:03:29 Command to Host BUFFER 38
09:03:30 Input peaks = -10, 11
09:03:39 Command to Host BUFFER 38
09:03:40 Input peaks = -10, 10
09:03:49 Command to Host BUFFER 38
09:03:50 Input peaks = -11, 10
09:03:59 Command to Host BUFFER 38
09:04:00 Input peaks = -11, 11
09:04:09 Command to Host BUFFER 38
09:04:11 Input peaks = -11, 11
09:04:20 Command to Host BUFFER 38
09:04:21 Input peaks = -11, 10
09:04:30 Command to Host BUFFER 38
09:04:31 Input peaks = -11, 10
09:04:40 Command to Host BUFFER 38
09:04:41 Input peaks = -11, 9
09:04:50 Command to Host BUFFER 38
09:04:51 Input peaks = -12, 10
09:05:00 Command to Host BUFFER 38
09:05:01 Input peaks = -10, 10
09:05:10 Command to Host BUFFER 38
09:05:11 Input peaks = -11, 11
09:05:20 Command to Host BUFFER 38
09:05:21 Input peaks = -10, 10
09:05:30 Command to Host BUFFER 38
09:05:31 Input peaks = -10, 11
09:05:40 Command to Host BUFFER 38
09:05:41 Input peaks = -11, 10
09:05:50 Command to Host BUFFER 38
09:05:52 Input peaks = -10, 11
09:06:00 Command to Host BUFFER 38
09:06:02 Input peaks = -10, 11
09:06:10 Command to Host BUFFER 38
09:06:12 Input peaks = -10, 10
09:06:20 Command to Host BUFFER 38
09:06:22 Input peaks = -11, 10
09:06:30 Command to Host BUFFER 38
09:06:32 Input peaks = -11, 10
09:06:40 Command to Host BUFFER 38
09:06:42 Input peaks = -10, 11
09:06:50 Command to Host BUFFER 38
09:06:52 Input peaks = -11, 10
09:07:00 Command to Host BUFFER 38
09:07:02 Input peaks = -11, 12
09:07:10 Command to Host BUFFER 38
09:07:12 Input peaks = -11, 10
09:07:20 Command to Host BUFFER 38
09:07:22 Input peaks = -13, 10
09:07:30 Command to Host BUFFER 38
09:07:33 Input peaks = -11, 10
09:07:40 Command to Host BUFFER 38
09:07:43 Input peaks = -10, 10
09:07:50 Command to Host BUFFER 38
09:07:53 Input peaks = -12, 11
09:08:00 Command to Host BUFFER 38
09:08:03 Input peaks = -11, 10
09:08:10 Command to Host BUFFER 38
09:08:13 Input peaks = -10, 11
09:08:20 Command to Host BUFFER 38
09:08:23 Input peaks = -10, 11
09:08:30 Command to Host BUFFER 38
09:08:33 Input peaks = -10, 10
09:08:40 Command to Host BUFFER 38
09:08:43 Input peaks = -13, 11
09:08:50 Command to Host BUFFER 38
09:08:53 Input peaks = -11, 10
09:09:00 Command to Host BUFFER 38
09:09:03 Input peaks = -10, 11
09:09:10 Command to Host BUFFER 38
09:09:14 Input peaks = -10, 10
09:09:20 Command to Host BUFFER 38
09:09:24 Input peaks = -10, 9
09:09:30 Command to Host BUFFER 38
09:09:34 Input peaks = -10, 10
09:09:40 Command to Host BUFFER 38
09:09:44 Input peaks = -12, 9
09:09:50 Command to Host BUFFER 38
09:09:54 Input peaks = -10, 10
09:10:00 Command to Host BUFFER 38
09:10:04 Input peaks = -10, 10
09:10:10 Command to Host BUFFER 38
09:10:14 Input peaks = -11, 11
09:10:20 Command to Host BUFFER 38
09:10:24 Input peaks = -10, 11
09:10:30 Command to Host BUFFER 38
09:10:34 Input peaks = -11, 11
09:10:40 Command to Host BUFFER 38
09:10:45 Input peaks = -11, 10
09:10:50 Command to Host BUFFER 38
09:10:55 Input peaks = -11, 10
09:11:00 Command to Host BUFFER 38
09:11:05 Input peaks = -11, 10
09:11:10 Command to Host BUFFER 38
09:11:15 Input peaks = -11, 10
09:11:20 Command to Host BUFFER 38
09:11:25 Input peaks = -11, 10
09:11:30 Command to Host BUFFER 38
09:11:35 Input peaks = -11, 10
09:11:40 Command to Host BUFFER 38
09:11:45 Input peaks = -11, 10
09:11:50 Command to Host BUFFER 38
09:11:55 Input peaks = -11, 10
09:12:00 Command to Host BUFFER 38
09:12:05 Input peaks = -11, 10
09:12:10 Command to Host BUFFER 38
09:12:15 Input peaks = -11, 11
09:12:20 Command to Host BUFFER 38
09:12:25 Input peaks = -12, 13
09:12:30 Command to Host BUFFER 38
09:12:36 Input peaks = -11, 10
09:12:40 Command to Host BUFFER 38
09:12:46 Input peaks = -12, 12
09:12:50 Command to Host BUFFER 38
09:12:56 Input peaks = -11, 10
09:13:00 Command to Host BUFFER 38
09:13:06 Input peaks = -10, 11
09:13:10 Command to Host BUFFER 38
09:13:16 Input peaks = -10, 10
09:13:20 Command to Host BUFFER 38
09:13:26 Input peaks = -12, 11
09:13:30 Command to Host BUFFER 38
09:13:36 Input peaks = -11, 11
09:13:40 Command to Host BUFFER 38
09:13:46 Input peaks = -11, 11
09:13:50 Command to Host BUFFER 38
09:13:56 Input peaks = -11, 11
09:14:00 Command to Host BUFFER 38
09:14:07 Input peaks = -10, 9
09:14:10 Command to Host BUFFER 38
09:14:17 Input peaks = -12, 10
09:14:20 Command to Host BUFFER 38
09:14:27 Input peaks = -10, 10
09:14:30 Command to Host BUFFER 38
09:14:37 Input peaks = -10, 10
09:14:40 Command to Host BUFFER 38
09:14:47 Input peaks = -11, 10
09:14:50 Command to Host BUFFER 38
09:14:57 Input peaks = -10, 11
09:15:00 Command to Host BUFFER 38
09:15:07 Input peaks = -11, 11
09:15:10 Command to Host BUFFER 38
09:15:17 Input peaks = -11, 11
09:15:20 Command to Host BUFFER 38
09:15:27 Input peaks = -11, 10
09:15:30 Command to Host BUFFER 38
09:15:37 Input peaks = -11, 10
09:15:40 Command to Host BUFFER 38
09:15:47 Input peaks = -11, 10
09:15:50 Command to Host BUFFER 38
09:15:58 Input peaks = -10, 10
09:16:00 Command to Host BUFFER 38
09:16:08 Input peaks = -11, 11
09:16:10 Command to Host BUFFER 38
09:16:18 Input peaks = -10, 10
09:16:20 Command to Host BUFFER 38
09:16:28 Input peaks = -10, 11
09:16:30 Command to Host BUFFER 38
09:16:38 Input peaks = -12, 10
09:16:40 Command to Host BUFFER 38
09:16:48 Input peaks = -10, 12
09:16:50 Command to Host BUFFER 38
09:16:58 Input peaks = -10, 11
09:17:00 Command to Host BUFFER 38
09:17:08 Input peaks = -12, 11
09:17:10 Command to Host BUFFER 38
09:17:18 Input peaks = -11, 11
09:17:20 Command to Host BUFFER 38
09:17:29 Input peaks = -11, 10
09:17:41 Command to Host BUFFER 38
09:17:51 Input peaks = -11, 11
09:17:51 Command to Host BUFFER 38
09:18:01 Command to Host BUFFER 38
09:18:01 Input peaks = -11, 10
09:18:11 Command to Host BUFFER 38
09:18:13 Input peaks = -11, 10
09:18:21 Command to Host BUFFER 38
09:18:23 Input peaks = -11, 10
09:18:31 Command to Host BUFFER 38
09:18:33 Input peaks = -11, 11
09:18:41 Command to Host BUFFER 38
09:18:43 Input peaks = -11, 11
09:18:51 Command to Host BUFFER 38
09:18:53 Input peaks = -11, 10
09:19:01 Command to Host BUFFER 38
09:19:03 Input peaks = -10, 10
09:19:12 Command to Host BUFFER 38
09:19:13 Input peaks = -10, 10
09:19:22 Command to Host BUFFER 38
09:19:23 Input peaks = -12, 11
09:19:32 Command to Host BUFFER 38
09:19:34 Input peaks = -13, 10
09:19:42 Command to Host BUFFER 38
09:19:44 Input peaks = -12, 10
09:19:52 Command to Host BUFFER 38
09:19:54 Input peaks = -10, 10
09:20:02 Command to Host BUFFER 38
09:20:04 Input peaks = -11, 10
09:20:12 Command to Host BUFFER 38
09:20:14 Input peaks = -10, 10
09:20:22 Command to Host BUFFER 38
09:20:24 Input peaks = -11, 9
09:20:32 Command to Host BUFFER 38
09:20:34 Input peaks = -11, 10
09:20:42 Command to Host BUFFER 38
09:20:45 Input peaks = -11, 11
09:20:52 Command to Host BUFFER 38
09:20:55 Input peaks = -11, 10
09:21:02 Command to Host BUFFER 38
09:21:05 Input peaks = -12, 10
09:21:12 Command to Host BUFFER 38
09:21:15 Input peaks = -10, 11
09:21:22 Command to Host BUFFER 38
09:21:25 Input peaks = -13, 11
09:21:32 Command to Host BUFFER 38
09:21:35 Input peaks = -11, 10
09:21:42 Command to Host BUFFER 38
09:21:45 Input peaks = -11, 11
09:21:52 Command to Host BUFFER 38
09:21:55 Input peaks = -11, 10
09:22:02 Command to Host BUFFER 38
09:22:07 Input peaks = -11, 10
09:22:14 Command to Host BUFFER 38
09:22:17 Input peaks = -11, 10
09:22:24 Command to Host BUFFER 38
09:22:27 Input peaks = -11, 10
09:22:34 Command to Host BUFFER 38
09:22:37 Input peaks = -10, 10
09:22:44 Command to Host BUFFER 38
09:22:48 Input peaks = -10, 9
09:22:54 Command to Host BUFFER 38
09:22:58 Input peaks = -12, 9
09:23:04 Command to Host BUFFER 38
09:23:08 Input peaks = -11, 11
09:23:14 Command to Host BUFFER 38
09:23:18 Input peaks = -11, 10
09:23:24 Command to Host BUFFER 38
09:23:28 Input peaks = -12, 10
09:23:34 Command to Host BUFFER 38
09:23:38 Input peaks = -11, 11
09:23:44 Command to Host BUFFER 38
09:23:48 Input peaks = -11, 10
09:23:54 Command to Host BUFFER 38
09:23:58 Input peaks = -10, 10
09:24:04 Command to Host BUFFER 38
09:24:08 Input peaks = -11, 10
09:24:14 Command to Host BUFFER 38
09:24:18 Input peaks = -11, 9
09:24:24 Command to Host BUFFER 38
09:24:29 Input peaks = -11, 10
09:24:35 Command to Host BUFFER 38
09:24:39 Input peaks = -10, 12
09:24:45 Command to Host BUFFER 38
09:24:49 Input peaks = -10, 10
09:24:55 Command to Host BUFFER 38
09:24:59 Input peaks = -11, 11
09:25:05 Command to Host BUFFER 38
09:25:09 Input peaks = -11, 12
09:25:15 Command to Host BUFFER 38
09:25:19 Input peaks = -10, 9
09:25:25 Command to Host BUFFER 38
09:25:29 Input peaks = -11, 10
09:25:35 Command to Host BUFFER 38
09:25:39 Input peaks = -10, 11
09:25:45 Command to Host BUFFER 38
09:25:49 Input peaks = -10, 10
09:25:55 Command to Host BUFFER 38
09:25:59 Input peaks = -10, 11
09:26:05 Command to Host BUFFER 38
09:26:10 Input peaks = -10, 10
09:26:15 Command to Host BUFFER 38
09:26:20 Input peaks = -10, 12
09:26:25 Command to Host BUFFER 38
09:26:30 Input peaks = -11, 9
09:26:35 Command to Host BUFFER 38
09:26:40 Input peaks = -10, 9
09:26:45 Command to Host BUFFER 38
09:26:50 Input peaks = -11, 10
09:26:55 Command to Host BUFFER 38
09:27:00 Input peaks = -11, 11
09:27:05 Command to Host BUFFER 38
09:27:10 Input peaks = -10, 10
09:27:15 Command to Host BUFFER 38
09:27:20 Input peaks = -11, 10
09:27:25 Command to Host BUFFER 38
09:27:30 Input peaks = -11, 10
09:27:35 Command to Host BUFFER 38
09:27:40 Input peaks = -10, 13
09:27:45 Command to Host BUFFER 38
09:27:51 Input peaks = -11, 11
09:27:55 Command to Host BUFFER 38
09:28:01 Input peaks = -10, 10
09:28:05 Command to Host BUFFER 38
09:28:11 Input peaks = -11, 9
09:28:15 Command to Host BUFFER 38
09:28:21 Input peaks = -12, 11
09:28:25 Command to Host BUFFER 38
09:28:31 Input peaks = -11, 10
09:28:35 Command to Host BUFFER 38
09:28:41 Input peaks = -10, 10
09:28:45 Command to Host BUFFER 38
09:28:51 Input peaks = -11, 10
09:28:55 Command to Host BUFFER 38
09:29:02 Input peaks = -10, 12
09:29:05 Command to Host BUFFER 38
09:29:12 Input peaks = -10, 10
09:29:15 Command to Host BUFFER 38
09:29:22 Input peaks = -10, 10
09:29:25 Command to Host BUFFER 38
09:29:32 Input peaks = -10, 10
09:29:35 Command to Host BUFFER 38
09:29:42 Input peaks = -11, 11
09:29:45 Command to Host BUFFER 38
09:29:52 Input peaks = -10, 11
09:29:55 Command to Host BUFFER 38
09:30:02 Input peaks = -11, 9
09:30:05 Command to Host BUFFER 38
09:30:12 Input peaks = -11, 11
09:30:15 Command to Host BUFFER 38
09:30:22 Input peaks = -11, 11
09:30:25 Command to Host BUFFER 38
09:30:32 Input peaks = -11, 11
09:30:35 Command to Host BUFFER 38
09:30:43 Input peaks = -11, 10
09:30:45 Command to Host BUFFER 38
09:30:53 Input peaks = -10, 11
09:30:55 Command to Host BUFFER 38
09:31:03 Input peaks = -11, 10
09:31:05 Command to Host BUFFER 38
09:31:13 Input peaks = -11, 10
09:31:15 Command to Host BUFFER 38
09:31:23 Input peaks = -10, 11
09:31:25 Command to Host BUFFER 38
09:31:33 Input peaks = -12, 10
09:31:35 Command to Host BUFFER 38
09:31:43 Input peaks = -12, 10
09:31:45 Command to Host BUFFER 38
09:31:53 Input peaks = -11, 10
09:31:55 Command to Host BUFFER 38
09:32:03 Input peaks = -10, 12
09:32:05 Command to Host BUFFER 38
09:32:13 Input peaks = -11, 10
09:32:15 Command to Host BUFFER 38
09:32:24 Input peaks = -10, 11
09:32:25 Command to Host BUFFER 38
09:32:34 Input peaks = -10, 11
09:32:35 Command to Host BUFFER 38
09:32:44 Input peaks = -11, 10
09:32:45 Command to Host BUFFER 38
09:32:54 Input peaks = -10, 10
09:32:55 Command to Host BUFFER 38
09:33:04 Input peaks = -11, 10
09:33:05 Command to Host BUFFER 38
09:33:14 Input peaks = -11, 11
09:33:15 Command to Host BUFFER 38
09:33:24 Input peaks = -10, 11
09:33:25 Command to Host BUFFER 38
09:33:34 Input peaks = -10, 10
09:33:35 Command to Host BUFFER 38
09:33:46 Command to Host BUFFER 38
09:33:46 Input peaks = -11, 11
09:33:56 Command to Host BUFFER 38
09:33:58 Input peaks = -10, 10
09:34:07 Command to Host BUFFER 38
09:34:08 Input peaks = -10, 9
09:34:17 Command to Host BUFFER 38
09:34:18 Input peaks = -10, 10
09:34:27 Command to Host BUFFER 38
09:34:31 Input peaks = -10, 10
09:34:38 Command to Host BUFFER 38
09:34:41 Input peaks = -10, 11
09:34:48 Command to Host BUFFER 38
09:34:51 Input peaks = -10, 10
09:34:58 Command to Host BUFFER 38
09:35:01 Input peaks = -11, 11
09:35:08 Command to Host BUFFER 38
09:35:11 Input peaks = -10, 11
09:35:18 Command to Host BUFFER 38
09:35:21 Input peaks = -11, 11
09:35:28 Command to Host BUFFER 38
09:35:31 Input peaks = -11, 10
09:35:38 Command to Host BUFFER 38
09:35:41 Input peaks = -11, 10
09:35:48 Command to Host BUFFER 38
09:35:52 Input peaks = -10, 10
09:35:58 Command to Host BUFFER 38
09:36:02 Input peaks = -12, 10
09:36:02 Command to Host BUSY TRUE
09:36:08 Command to Host BUFFER 38
09:36:08 Command to Host BUSY FALSE
09:36:12 Input peaks = -85, 95
09:36:18 Command to Host BUFFER 38
09:36:22 Input peaks = -11, 11
09:36:28 Command to Host BUFFER 38
09:36:32 Input peaks = -10, 11
09:36:38 Command to Host BUFFER 38
09:36:42 Input peaks = -11, 10
09:36:48 Command to Host BUFFER 38
09:36:52 Input peaks = -11, 12
09:36:58 Command to Host BUFFER 38
09:37:02 Input peaks = -12, 10
09:37:08 Command to Host BUFFER 38
09:37:12 Input peaks = -11, 10
09:37:18 Command to Host BUFFER 38
09:37:22 Input peaks = -10, 11
09:37:28 Command to Host BUFFER 38
09:37:33 Input peaks = -12, 10
09:37:38 Command to Host BUFFER 38
09:37:43 Input peaks = -12, 10
09:37:48 Command to Host BUFFER 38
09:37:53 Input peaks = -11, 9
09:37:58 Command to Host BUFFER 38
09:38:03 Input peaks = -10, 11
09:38:08 Command to Host BUFFER 38
09:38:13 Input peaks = -10, 10
09:38:18 Command to Host BUFFER 38
09:38:23 Input peaks = -10, 10
09:38:28 Command to Host BUFFER 38
09:38:33 Input peaks = -11, 9
09:38:38 Command to Host BUFFER 38
09:38:43 Input peaks = -10, 10
09:38:48 Command to Host BUFFER 38
09:38:53 Input peaks = -10, 10
09:38:58 Command to Host BUFFER 38
09:39:03 Input peaks = -11, 10
09:39:08 Command to Host BUFFER 38
09:39:14 Input peaks = -10, 12
09:39:18 Command to Host BUFFER 38
09:39:24 Input peaks = -11, 11
09:39:28 Command to Host BUFFER 38
09:39:34 Input peaks = -10, 10
09:39:38 Command to Host BUFFER 38
09:39:44 Input peaks = -11, 11
09:39:48 Command to Host BUFFER 38
09:39:54 Input peaks = -10, 10
09:39:58 Command to Host BUFFER 38
09:40:04 Input peaks = -11, 9
09:40:08 Command to Host BUFFER 38
09:40:14 Input peaks = -10, 10
09:40:18 Command to Host BUFFER 38
09:40:24 Input peaks = -11, 10
09:40:28 Command to Host BUFFER 38
09:40:34 Input peaks = -10, 10
09:40:38 Command to Host BUFFER 38
09:40:44 Input peaks = -10, 10
09:40:48 Command to Host BUFFER 38
09:40:55 Input peaks = -10, 11
09:40:57 Command to Host BUSY TRUE
09:40:58 Command to Host BUFFER 38
09:41:04 Command to Host BUSY FALSE
09:41:05 Input peaks = -89, 91
09:41:08 Command to Host BUFFER 38
09:41:15 Input peaks = -10, 10
09:41:18 Command to Host BUFFER 38
09:41:25 Input peaks = -11, 11
09:41:28 Command to Host BUFFER 38
09:41:35 Input peaks = -11, 10
09:41:38 Command to Host BUFFER 38
09:41:45 Input peaks = -10, 10
09:41:48 Command to Host BUFFER 38
09:41:55 Input peaks = -10, 9
09:41:58 Command to Host BUFFER 38
09:42:05 Input peaks = -11, 10
09:42:08 Command to Host BUFFER 38
09:42:15 Input peaks = -11, 9
09:42:18 Command to Host BUFFER 38
09:42:25 Input peaks = -11, 10
09:42:28 Command to Host BUFFER 38
09:42:36 Input peaks = -10, 9
09:42:38 Command to Host BUFFER 38
09:42:46 Input peaks = -10, 10
09:42:48 Command to Host BUFFER 38
09:42:56 Input peaks = -11, 10
09:42:58 Command to Host BUFFER 38
09:43:06 Input peaks = -11, 10
09:43:08 Command to Host BUFFER 38
09:43:16 Input peaks = -11, 11
09:43:18 Command to Host BUFFER 38
09:43:26 Input peaks = -10, 11
09:43:28 Command to Host BUFFER 38
09:43:36 Input peaks = -11, 10
09:43:39 Command to Host BUFFER 38
09:43:46 Input peaks = -9, 10
09:43:49 Command to Host BUFFER 38
09:43:56 Input peaks = -10, 10
09:43:59 Command to Host BUFFER 38
09:44:06 Input peaks = -11, 10
09:44:09 Command to Host BUFFER 38
09:44:17 Input peaks = -10, 11
09:44:19 Command to Host BUFFER 38
09:44:27 Input peaks = -11, 10
09:44:29 Command to Host BUFFER 38
09:44:37 Input peaks = -11, 10
09:44:39 Command to Host BUFFER 38
09:44:42 Command to Host BUSY TRUE
09:44:47 Input peaks = -370, 380
09:44:49 Command to Host BUFFER 38
09:44:51 Command to Host BUSY FALSE
09:44:57 Input peaks = -10, 10
09:44:59 Command to Host BUFFER 38
09:45:07 Input peaks = -9, 10
09:45:09 Command to Host BUFFER 38
09:45:17 Input peaks = -10, 9
09:45:19 Command to Host BUFFER 38
09:45:27 Input peaks = -10, 10
09:45:29 Command to Host BUFFER 38
09:45:37 Input peaks = -10, 10
09:45:39 Command to Host BUFFER 38
09:45:47 Input peaks = -10, 10
09:45:49 Command to Host BUFFER 38
09:45:58 Input peaks = -11, 11
09:45:59 Command to Host BUFFER 38
09:46:08 Input peaks = -10, 9
09:46:09 Command to Host BUFFER 38
09:46:09 Command to Host BUSY TRUE
09:46:11 Command to Host BUSY FALSE
09:46:18 Input peaks = -54, 50
09:46:19 Command to Host BUFFER 38
09:46:28 Input peaks = -11, 10
09:46:29 Command to Host BUFFER 38
09:46:38 Input peaks = -11, 10
09:46:39 Command to Host BUFFER 38
09:46:48 Input peaks = -10, 10
09:46:49 Command to Host BUFFER 38
09:46:58 Input peaks = -12, 10
09:46:59 Command to Host BUFFER 38
09:47:08 Input peaks = -10, 11
09:47:09 Command to Host BUFFER 38
09:47:18 Input peaks = -10, 11
09:47:19 Command to Host BUFFER 38
09:47:28 Input peaks = -11, 10
09:47:29 Command to Host BUFFER 38
09:47:39 Input peaks = -11, 10
09:47:39 Command to Host BUFFER 38
09:47:49 Input peaks = -10, 10
09:47:49 Command to Host BUFFER 38
09:47:59 Input peaks = -11, 10
09:47:59 Command to Host BUFFER 38
09:48:09 Input peaks = -11, 9
09:48:09 Command to Host BUFFER 38
09:48:19 Input peaks = -12, 10
09:48:19 Command to Host BUFFER 38
09:48:29 Command to Host BUFFER 38
09:48:29 Input peaks = -10, 10
09:48:39 Command to Host BUFFER 38
09:48:39 Input peaks = -10, 11
09:48:49 Command to Host BUFFER 38
09:48:49 Input peaks = -10, 10
09:48:59 Command to Host BUFFER 38
09:48:59 Input peaks = -10, 11
09:49:09 Command to Host BUFFER 38
09:49:09 Input peaks = -10, 10
09:49:19 Command to Host BUFFER 38
09:49:20 Input peaks = -11, 11
09:49:29 Command to Host BUFFER 38
09:49:30 Input peaks = -10, 11
09:49:39 Command to Host BUFFER 38
09:49:40 Input peaks = -10, 10
09:49:49 Command to Host BUFFER 38
09:49:50 Input peaks = -10, 10
09:49:59 Command to Host BUFFER 38
09:50:00 Input peaks = -11, 10
09:50:09 Command to Host BUFFER 38
09:50:10 Input peaks = -10, 10
09:50:19 Command to Host BUFFER 38
09:50:20 Input peaks = -10, 12
09:50:29 Command to Host BUFFER 38
09:50:30 Input peaks = -10, 10
09:50:39 Command to Host BUFFER 38
09:50:40 Input peaks = -11, 10
09:50:49 Command to Host BUFFER 38
09:50:50 Input peaks = -12, 11
09:50:59 Command to Host BUFFER 38
09:51:01 Input peaks = -11, 9
09:51:09 Command to Host BUFFER 38
09:51:11 Input peaks = -12, 11
09:51:19 Command to Host BUFFER 38
09:51:21 Input peaks = -11, 10
09:51:29 Command to Host BUFFER 38
09:51:31 Input peaks = -10, 10
09:51:39 Command to Host BUFFER 38
09:51:41 Input peaks = -10, 10
09:51:49 Command to Host BUFFER 38
09:51:51 Input peaks = -12, 11
09:51:59 Command to Host BUFFER 38
09:52:01 Input peaks = -10, 11
09:52:09 Command to Host BUFFER 38
09:52:11 Input peaks = -12, 10
09:52:19 Command to Host BUFFER 38
09:52:21 Input peaks = -11, 10
09:52:29 Command to Host BUFFER 38
09:52:31 Input peaks = -10, 10
09:52:39 Command to Host BUFFER 38
09:52:42 Input peaks = -11, 12
09:52:49 Command to Host BUFFER 38
09:52:52 Input peaks = -10, 10
09:52:59 Command to Host BUFFER 38
09:53:02 Input peaks = -11, 10
09:53:10 Command to Host BUFFER 38
09:53:12 Input peaks = -10, 10
09:53:20 Command to Host BUFFER 38
09:53:22 Input peaks = -11, 10
09:53:30 Command to Host BUFFER 38
09:53:32 Input peaks = -10, 10
09:53:40 Command to Host BUFFER 38
09:53:42 Input peaks = -11, 11
09:53:50 Command to Host BUFFER 38
09:53:52 Input peaks = -11, 10
09:54:00 Command to Host BUFFER 38
09:54:02 Input peaks = -10, 10
09:54:10 Command to Host BUFFER 38
09:54:12 Input peaks = -10, 9
09:54:20 Command to Host BUFFER 38
09:54:23 Input peaks = -10, 10
09:54:30 Command to Host BUFFER 38
09:54:33 Input peaks = -12, 10
09:54:40 Command to Host BUFFER 38
09:54:43 Input peaks = -10, 10
09:54:50 Command to Host BUFFER 38
09:54:53 Input peaks = -9, 11
09:55:00 Command to Host BUFFER 38
09:55:03 Input peaks = -11, 9
09:55:10 Command to Host BUFFER 38
09:55:13 Input peaks = -10, 10
09:55:20 Command to Host BUFFER 38
09:55:23 Input peaks = -10, 9
09:55:30 Command to Host BUFFER 38
09:55:33 Input peaks = -10, 9
09:55:40 Command to Host BUFFER 38
09:55:43 Input peaks = -10, 10
09:55:50 Command to Host BUFFER 38
09:55:53 Input peaks = -10, 10
09:56:00 Command to Host BUFFER 38
09:56:04 Input peaks = -13, 10
09:56:10 Command to Host BUFFER 38
09:56:14 Input peaks = -10, 10
09:56:20 Command to Host BUFFER 38
09:56:23 Command to Host BUSY TRUE
09:56:24 Input peaks = -85, 97
09:56:30 Command to Host BUFFER 38
09:56:31 Command to Host BUSY FALSE
09:56:34 Input peaks = -53, 51
09:56:40 Command to Host BUFFER 38
09:56:44 Input peaks = -11, 11
09:56:50 Command to Host BUFFER 38
09:56:54 Input peaks = -9, 10
09:57:00 Command to Host BUFFER 38
09:57:04 Input peaks = -9, 10
09:57:10 Command to Host BUFFER 38
09:57:14 Input peaks = -11, 10
09:57:20 Command to Host BUFFER 38
09:57:24 Input peaks = -11, 10
09:57:30 Command to Host BUFFER 38
09:57:34 Input peaks = -10, 11
09:57:40 Command to Host BUFFER 38
09:57:45 Input peaks = -11, 10
09:57:50 Command to Host BUFFER 38
09:57:55 Input peaks = -10, 11
09:58:00 Command to Host BUFFER 38
09:58:05 Input peaks = -10, 12
09:58:10 Command to Host BUFFER 38
09:58:15 Input peaks = -12, 10
09:58:20 Command to Host BUFFER 38
09:58:25 Input peaks = -11, 9
09:58:30 Command to Host BUFFER 38
09:58:35 Input peaks = -10, 11
09:58:40 Command to Host BUFFER 38
09:58:45 Input peaks = -10, 10
09:58:50 Command to Host BUFFER 38
09:58:55 Input peaks = -11, 10
09:59:00 Command to Host BUFFER 38
09:59:05 Input peaks = -9, 9
09:59:10 Command to Host BUFFER 38
09:59:15 Input peaks = -10, 11
09:59:20 Command to Host BUFFER 38
09:59:26 Input peaks = -11, 10
09:59:30 Command to Host BUFFER 38
09:59:36 Input peaks = -10, 10
09:59:40 Command to Host BUFFER 38
09:59:46 Input peaks = -12, 10
09:59:50 Command to Host BUFFER 38
10:00:20 Input peaks = -10, 10
10:00:23 Command to Host BUSY TRUE
10:00:25 Command to Host BUFFER 38
10:00:25 Command to Host BUSY FALSE
10:00:30 Input peaks = -51, 53
10:00:35 Command to Host BUFFER 38
10:00:40 Input peaks = -10, 10
10:00:45 Command to Host BUFFER 38
10:00:50 Input peaks = -11, 9
10:00:55 Command to Host BUFFER 38
10:01:01 Input peaks = -10, 10
10:01:05 Command to Host BUFFER 38
10:01:11 Input peaks = -11, 10
10:01:15 Command to Host BUFFER 38
10:01:21 Input peaks = -13, 11
10:01:25 Command to Host BUFFER 38
10:01:31 Input peaks = -11, 10
10:01:35 Command to Host BUFFER 38
10:01:41 Command to Host BUSY TRUE
10:01:41 Input peaks = -58, 64
10:01:45 Command to Host BUFFER 38
10:01:47 Command to Host BUSY FALSE
10:01:51 Input peaks = -89, 91
10:01:55 Command to Host BUFFER 38
10:02:01 Input peaks = -11, 10
10:02:05 Command to Host BUFFER 38
10:02:11 Input peaks = -11, 10
10:02:15 Command to Host BUFFER 38
10:02:21 Input peaks = -11, 10
10:02:25 Command to Host BUFFER 38
10:02:32 Input peaks = -9, 10
10:02:35 Command to Host BUFFER 38
10:02:42 Input peaks = -10, 10
10:02:45 Command to Host BUFFER 38
10:02:52 Input peaks = -11, 10
10:02:55 Command to Host BUFFER 38
10:03:02 Input peaks = -10, 10
10:03:05 Command to Host BUFFER 38
10:03:12 Input peaks = -11, 9
10:03:15 Command to Host BUFFER 38
10:03:22 Input peaks = -11, 10
10:03:25 Command to Host BUFFER 38
10:03:32 Input peaks = -10, 12
10:03:35 Command to Host BUFFER 38
10:03:42 Input peaks = -10, 10
10:03:45 Command to Host BUFFER 38
10:03:52 Input peaks = -12, 10
10:03:55 Command to Host BUFFER 38
10:04:02 Input peaks = -10, 9
10:04:05 Command to Host BUFFER 38
10:04:13 Input peaks = -12, 10
10:04:15 Command to Host BUFFER 38
10:04:23 Input peaks = -10, 10
10:04:25 Command to Host BUFFER 38
10:04:33 Input peaks = -10, 10
10:04:35 Command to Host BUFFER 38
10:04:43 Input peaks = -11, 9
10:04:45 Command to Host BUFFER 38
10:04:53 Input peaks = -10, 11
10:04:55 Command to Host BUFFER 38
10:05:03 Input peaks = -10, 9
10:05:05 Command to Host BUFFER 38
10:05:13 Input peaks = -12, 11
10:05:15 Command to Host BUFFER 38
10:05:23 Input peaks = -11, 11
10:05:25 Command to Host BUFFER 38
10:05:33 Input peaks = -12, 10
10:05:35 Command to Host BUFFER 38
10:05:43 Input peaks = -11, 9
10:05:45 Command to Host BUFFER 38
10:05:54 Input peaks = -10, 11
10:05:55 Command to Host BUFFER 38
10:06:04 Input peaks = -10, 9
10:06:05 Command to Host BUFFER 38
10:06:14 Input peaks = -10, 10
10:06:15 Command to Host BUFFER 38
10:06:24 Input peaks = -10, 10
10:06:26 Command to Host BUFFER 38
10:06:34 Input peaks = -10, 10
10:06:36 Command to Host BUFFER 38
10:06:44 Input peaks = -10, 11
10:06:46 Command to Host BUFFER 38
10:06:47 Command to Host BUSY TRUE
10:06:54 Input peaks = -88, 93
10:06:54 Command to Host BUSY FALSE
10:06:56 Command to Host BUFFER 38
10:07:04 Input peaks = -10, 11
10:07:06 Command to Host BUFFER 38
10:07:14 Input peaks = -12, 10
10:07:16 Command to Host BUFFER 38
10:07:24 Input peaks = -11, 10
10:07:26 Command to Host BUFFER 38
10:07:35 Input peaks = -12, 10
10:07:36 Command to Host BUFFER 38
10:07:45 Input peaks = -11, 10
10:07:46 Command to Host BUFFER 38
10:07:55 Input peaks = -12, 9
10:07:56 Command to Host BUFFER 38
10:08:05 Input peaks = -12, 12
10:08:06 Command to Host BUFFER 38
10:08:15 Input peaks = -10, 10
10:08:16 Command to Host BUFFER 38
10:08:25 Input peaks = -10, 9
10:08:26 Command to Host BUFFER 38
10:08:35 Input peaks = -10, 10
10:08:36 Command to Host BUFFER 38
10:08:45 Input peaks = -11, 10
10:08:46 Command to Host BUFFER 38
10:08:55 Input peaks = -11, 10
10:08:56 Command to Host BUFFER 38
10:09:05 Input peaks = -12, 10
10:09:06 Command to Host BUFFER 38
10:09:15 Input peaks = -12, 11
10:09:16 Command to Host BUFFER 38
10:09:26 Input peaks = -11, 11
10:09:26 Command to Host BUFFER 38
10:09:36 Input peaks = -11, 10
10:09:36 Command to Host BUFFER 38
10:09:46 Input peaks = -10, 11
10:09:46 Command to Host BUFFER 38
10:09:56 Input peaks = -10, 10
10:09:56 Command to Host BUFFER 38
10:10:06 Command to Host BUFFER 38
10:10:06 Input peaks = -11, 11
10:10:16 Command to Host BUFFER 38
10:10:16 Input peaks = -11, 10
10:10:26 Command to Host BUFFER 38
10:10:26 Input peaks = -11, 10
10:10:36 Command to Host BUFFER 38
10:10:36 Input peaks = -12, 10
10:10:46 Command to Host BUFFER 38
10:10:46 Input peaks = -10, 10
10:10:56 Command to Host BUFFER 38
10:10:56 Input peaks = -11, 10
10:11:06 Command to Host BUFFER 38
10:11:07 Input peaks = -10, 10
10:11:16 Command to Host BUFFER 38
10:11:17 Input peaks = -10, 11
10:11:26 Command to Host BUFFER 38
10:11:27 Input peaks = -11, 10
10:11:36 Command to Host BUFFER 38
10:11:37 Input peaks = -10, 11
10:11:46 Command to Host BUFFER 38
10:11:46 Command to Host BUSY TRUE
10:11:47 Input peaks = -86, 96
10:11:52 Command to Host BUSY FALSE
10:11:56 Command to Host BUFFER 38
10:11:57 Input peaks = -12, 10
10:12:06 Command to Host BUFFER 38
10:12:07 Input peaks = -11, 11
10:12:16 Command to Host BUFFER 38
10:12:17 Input peaks = -11, 10
10:12:26 Command to Host BUFFER 38
10:12:27 Input peaks = -13, 11
10:12:36 Command to Host BUFFER 38
10:12:37 Input peaks = -11, 10
10:12:46 Command to Host BUFFER 38
10:12:48 Input peaks = -11, 10
10:12:56 Command to Host BUFFER 38
10:12:58 Input peaks = -11, 12
10:13:06 Command to Host BUFFER 38
10:13:08 Input peaks = -11, 11
10:13:16 Command to Host BUFFER 38
10:13:18 Input peaks = -11, 11
10:13:26 Command to Host BUFFER 38
10:13:28 Input peaks = -10, 10
10:13:36 Command to Host BUFFER 38
10:13:38 Input peaks = -10, 10
10:13:46 Command to Host BUFFER 38
10:13:48 Input peaks = -10, 10
10:13:56 Command to Host BUFFER 38
10:13:58 Input peaks = -11, 11
10:14:06 Command to Host BUFFER 38
10:14:08 Input peaks = -10, 10
10:14:16 Command to Host BUFFER 38
10:14:19 Input peaks = -10, 11
10:14:26 Command to Host BUFFER 38
10:14:29 Input peaks = -11, 10
10:14:36 Command to Host BUFFER 38
10:14:39 Input peaks = -11, 10
10:14:47 Command to Host BUFFER 38
10:14:49 Input peaks = -12, 11
10:14:57 Command to Host BUFFER 38
10:14:59 Input peaks = -10, 10
10:15:07 Command to Host BUFFER 38
10:15:09 Input peaks = -11, 10
10:15:17 Command to Host BUFFER 38
10:15:19 Input peaks = -10, 11
10:15:27 Command to Host BUFFER 38
10:15:29 Input peaks = -10, 10
10:15:37 Command to Host BUFFER 38
10:15:39 Input peaks = -11, 9
10:15:47 Command to Host BUFFER 38
10:15:49 Input peaks = -10, 11
10:15:57 Command to Host BUFFER 38
10:15:59 Input peaks = -11, 10
10:16:07 Command to Host BUFFER 38
10:16:10 Input peaks = -11, 10
10:16:17 Command to Host BUFFER 38
10:16:20 Input peaks = -11, 10
10:16:27 Command to Host BUFFER 38
10:16:30 Input peaks = -12, 11
10:16:37 Command to Host BUFFER 38
10:16:40 Input peaks = -10, 10
10:16:47 Command to Host BUFFER 38
10:16:50 Input peaks = -10, 10
10:16:57 Command to Host BUFFER 38
10:17:00 Input peaks = -12, 11
10:17:07 Command to Host BUFFER 38
10:17:10 Input peaks = -10, 10
10:17:17 Command to Host BUFFER 38
10:17:20 Input peaks = -11, 10
10:17:27 Command to Host BUFFER 38
10:17:30 Input peaks = -11, 10
10:17:37 Command to Host BUFFER 38
10:17:40 Input peaks = -10, 10
10:17:47 Command to Host BUFFER 38
10:17:51 Input peaks = -11, 10
10:17:57 Command to Host BUFFER 38
10:18:01 Input peaks = -11, 12
10:18:07 Command to Host BUFFER 38
10:18:12 Input peaks = -11, 10
10:18:17 Command to Host BUFFER 38
10:18:22 Input peaks = -11, 11
10:18:27 Command to Host BUFFER 38
10:18:32 Input peaks = -13, 10
10:18:37 Command to Host BUFFER 38
10:18:43 Input peaks = -12, 11
10:18:47 Command to Host BUFFER 38
10:18:53 Input peaks = -11, 10
10:18:57 Command to Host BUFFER 38
10:19:03 Input peaks = -10, 10
10:19:07 Command to Host BUFFER 38
10:19:13 Input peaks = -11, 11
10:19:17 Command to Host BUFFER 38
10:19:23 Input peaks = -11, 11
10:19:27 Command to Host BUFFER 38
10:19:33 Input peaks = -10, 11
10:19:37 Command to Host BUFFER 38
10:19:43 Input peaks = -10, 11
10:19:47 Command to Host BUFFER 38
10:19:53 Input peaks = -11, 11
10:19:57 Command to Host BUFFER 38
10:20:02 Command to Host BUSY TRUE
10:20:03 Input peaks = -194, 191
