12:08:48.804 ARDOPC Version 0.9.0.2-BPQ
12:08:48.804 Capture Devices
12:08:48.967 0 Stereo Mix (Realtek High Defini
12:08:48.976 1 CABLE Output (VB-Audio Virtual 
12:08:48.976 Playback Devices
12:08:48.991 0 Speakers (Realtek High Definiti
12:08:49.007 1 Realtek Digital Output (Realtek
12:08:49.016 2 CABLE Input (VB-Audio Virtual C
12:08:49.017 Command to Host BUFFER 0
12:08:49.017 Command to Host NEWSTATE DISC 
12:08:49.029 Opened WaveOut Device Speakers (Realtek High Definiti
12:08:49.033 Opened WaveIn Device Stereo Mix (Realtek High Defini
12:08:49.034 ARDOPC opening port com15
12:08:49.034 ARDOPC opened port com15
12:09:02.289 SCS Command 
12:09:02.389 SCS Command RESTART
12:09:02.389 
OK
12:09:02.389 PTC Emulation Mode
12:09:02.390 [obCommand Trace FROM host: C:RESTART
12:09:02.390 FAULT CMD not recoginized
12:09:02.491 SCS Command PTCC 0
12:09:02.491 
PTC-II COMPATIBILITY MODE: 0
12:09:02.995 SCS Command license
12:09:02.995 
LICENSE: 010000141714CB53 ABCDEFGHIJKL
12:09:03.492 SCS Command ARX 0
12:09:03.492 [obCommand Trace FROM host: C:ARX 0
12:09:03.492 FAULT CMD not recoginized
12:09:03.592 SCS Command CHOB 0
12:09:03.592 [obCommand Trace FROM host: C:CHOB 0
12:09:03.592 FAULT CMD not recoginized
12:09:03.696 SCS Command CM 0
12:09:03.696 [obCommand Trace FROM host: C:CM 0
12:09:03.696 FAULT CMD not recoginized
12:09:03.798 SCS Command CONT 3
12:09:03.798 [obCommand Trace FROM host: C:CONT 3
12:09:03.798 FAULT CMD not recoginized
12:09:03.899 SCS Command CWID 0 0
12:09:03.899 [obCommand Trace FROM host: C:CWID 0 0
12:09:03.899 FAULT Syntax Err: CWID 0 0
12:09:04.000 SCS Command L 0
12:09:04.000 [obCommand Trace FROM host: C:L 0
12:09:04.000 FAULT CMD not recoginized
12:09:04.101 SCS Command LF 0
12:09:04.101 [obCommand Trace FROM host: C:LF 0
12:09:04.101 FAULT CMD not recoginized
12:09:04.203 SCS Command MAXE 35
12:09:04.203 [obCommand Trace FROM host: C:MAXE 35
12:09:04.203 FAULT CMD not recoginized
12:09:04.296 SCS Command PTCH 31
12:09:04.296 [obCommand Trace FROM host: C:PTCH 31
12:09:04.296 FAULT CMD not recoginized
12:09:04.399 SCS Command REM 0
12:09:04.399 [obCommand Trace FROM host: C:REM 0
12:09:04.399 FAULT CMD not recoginized
12:09:04.501 SCS Command ST 2
12:09:04.501 [obCommand Trace FROM host: C:ST 2
12:09:04.501 FAULT CMD not recoginized
12:09:04.607 SCS Command TONES 4
12:09:04.607 [obCommand Trace FROM host: C:TONES 4
12:09:04.607 FAULT CMD not recoginized
12:09:04.709 SCS Command UML 0
12:09:04.709 [obCommand Trace FROM host: C:UML 0
12:09:04.709 FAULT CMD not recoginized
12:09:04.799 SCS Command TRX S 0
12:09:04.799 [obCommand Trace FROM host: C:TRX S 0
12:09:04.799 FAULT CMD not recoginized
12:09:04.844 SCS Command TRX DU 0
12:09:04.844 [obCommand Trace FROM host: C:TRX DU 0
12:09:04.844 FAULT CMD not recoginized
12:09:04.890 SCS Command CB 0
12:09:04.890 SCS Command ADEC ALL 1
12:09:04.890 [obCommand Trace FROM host: C:ADEC ALL 1
12:09:04.890 FAULT CMD not recoginized
12:09:04.923 SCS Command MYL 4
12:09:04.923 XXXX
12:09:04.968 SCS Command FSKA 150
12:09:04.968 [obCommand Trace FROM host: C:FSKA 150
12:09:04.968 FAULT CMD not recoginized
12:09:05.014 SCS Command PSKA 150
12:09:05.014 [obCommand Trace FROM host: C:PSKA 150
12:09:05.014 FAULT CMD not recoginized
12:09:05.047 SCS Command TXD 6
12:09:05.047 [obCommand Trace FROM host: C:TXD 6
12:09:05.047 FAULT CMD not recoginized
12:09:05.093 SCS Command MYCALL GM8BPQ
12:09:05.093 Mycall: >GM8BPQ<
12:09:05.136 SCS Command JHOST4
12:09:05.137 Entering Host Mode
12:09:09.075 Input peaks = -16, 87
12:09:18.248 SCS Host Command CL
12:09:18.248 [obCommand Trace FROM host: C:CL
12:09:18.248 Command to Host BUFFER 0
12:09:18.324 Command to Host NEWSTATE ISS 
12:09:18.324 [SendARQConnectRequest] strMycall=GM8BPQ  strTargetCall=G8BPQ-10 bytPendnigSessionID=10
12:09:18.324 Sending Frame Type ConReq2000M
12:09:18.324 Command to Host PTT TRUE
12:09:18.324 [Main.KeyPTT]  PTT-TRUE
12:09:20.056 Command to Host PTT FALSE
12:09:20.056 [Main.KeyPTT]  PTT-FALSE
12:09:22.065 Repeating Last Frame
12:09:22.065 Sending Frame Type ConReq2000M
12:09:22.065 Command to Host PTT TRUE
12:09:22.065 [Main.KeyPTT]  PTT-TRUE
12:09:23.795 Command to Host PTT FALSE
12:09:23.795 [Main.KeyPTT]  PTT-FALSE
12:09:25.796 Repeating Last Frame
12:09:25.796 Sending Frame Type ConReq2000M
12:09:25.796 Command to Host PTT TRUE
12:09:25.796 [Main.KeyPTT]  PTT-TRUE
12:09:27.533 Command to Host PTT FALSE
12:09:27.533 [Main.KeyPTT]  PTT-FALSE
12:09:29.096 Input peaks = -32768, 32767
12:09:29.536 Repeating Last Frame
12:09:29.536 Sending Frame Type ConReq2000M
12:09:29.536 Command to Host PTT TRUE
12:09:29.536 [Main.KeyPTT]  PTT-TRUE
12:09:31.272 Command to Host PTT FALSE
12:09:31.272 [Main.KeyPTT]  PTT-FALSE
12:09:33.276 Repeating Last Frame
12:09:33.276 Sending Frame Type ConReq2000M
12:09:33.276 Command to Host PTT TRUE
12:09:33.276 [Main.KeyPTT]  PTT-TRUE
12:09:35.009 Command to Host PTT FALSE
12:09:35.009 [Main.KeyPTT]  PTT-FALSE
12:09:37.018 Command to Host BUFFER 0
12:09:37.018 Command to Host BUFFER 0
12:09:37.018 Command to Host NEWSTATE DISC 
12:09:37.018 Command to Host STATUS CONNECT TO G8BPQ-10 FAILED!
12:09:49.107 Input peaks = -32768, 32767
12:10:09.126 Input peaks = -11, 10
12:10:29.150 Input peaks = -11, 11
12:10:49.166 Input peaks = -11, 11
12:11:09.192 Input peaks = -12, 10
12:11:29.207 Input peaks = -10, 11
12:11:49.224 Input peaks = -12, 11
12:12:09.250 Input peaks = -12, 11
12:12:29.262 Input peaks = -11, 10
12:12:49.284 Input peaks = -11, 11
12:13:09.308 Input peaks = -11, 10
12:13:29.326 Input peaks = -10, 11
12:13:49.346 Input peaks = -11, 11
12:14:09.359 Input peaks = -11, 10
12:14:29.381 Input peaks = -12, 11
12:14:49.405 Input peaks = -10, 10
12:15:09.419 Input peaks = -11, 11
12:15:29.441 Input peaks = -10, 12
12:15:49.465 Input peaks = -11, 10
12:16:09.477 Input peaks = -11, 11
12:16:29.499 Input peaks = -10, 12
12:16:49.519 Input peaks = -11, 10
12:17:09.538 Input peaks = -12, 10
12:17:29.560 Input peaks = -10, 10
12:17:49.581 Input peaks = -12, 10
12:18:09.600 Input peaks = -12, 13
12:18:29.618 Input peaks = -13, 10
12:18:49.633 Input peaks = -11, 10
12:19:09.658 Input peaks = -10, 10
12:19:29.672 Input peaks = -11, 11
12:19:44.759 Command to Host BUSY TRUE
12:19:49.699 Input peaks = -3828, 4144
12:19:50.633 Command to Host BUSY FALSE
12:20:09.713 Input peaks = -11, 11
12:20:29.732 Input peaks = -13, 10
12:20:49.756 Input peaks = -12, 10
12:21:09.777 Input peaks = -10, 11
12:21:29.797 Input peaks = -10, 10
12:21:49.811 Input peaks = -11, 12
12:22:09.836 Input peaks = -11, 10
12:22:29.855 Input peaks = -10, 10
12:22:49.871 Input peaks = -12, 11
12:23:09.894 Input peaks = -11, 10
12:23:29.910 Input peaks = -14, 10
12:23:49.933 Input peaks = -10, 11
12:24:09.949 Input peaks = -11, 10
12:24:29.968 Input peaks = -11, 11
12:24:49.994 Input peaks = -10, 10
12:25:10.014 Input peaks = -11, 10
12:25:30.031 Input peaks = -10, 11
12:25:50.051 Input peaks = -12, 11
12:26:10.066 Input peaks = -10, 10
14:27:41.396 Input peaks = -11, 11
14:28:01.419 Input peaks = -10, 10
14:28:21.433 Input peaks = -10, 10
14:28:41.454 Input peaks = -10, 10
14:29:01.483 Input peaks = -10, 10
14:29:21.501 Input peaks = -11, 11
14:29:41.523 Input peaks = -10, 10
14:30:01.544 Input peaks = -11, 11
14:30:21.562 Input peaks = -11, 10
14:30:41.586 Input peaks = -10, 11
14:31:01.614 Input peaks = -13, 11
14:31:21.629 Input peaks = -11, 10
14:31:41.655 Input peaks = -11, 11
14:32:01.679 Input peaks = -11, 11
14:32:21.691 Input peaks = -10, 12
14:32:36.180 Command to Host BUSY TRUE
14:32:41.713 Input peaks = -3854, 4110
14:32:42.060 Command to Host BUSY FALSE
14:33:01.740 Input peaks = -10, 10
14:33:21.755 Input peaks = -11, 11
14:33:41.777 Input peaks = -10, 12
14:34:01.800 Input peaks = -11, 10
14:34:21.826 Input peaks = -12, 11
14:34:41.844 Input peaks = -11, 9
14:35:01.861 Input peaks = -11, 11
14:35:21.887 Input peaks = -10, 11
14:35:41.906 Input peaks = -11, 11
14:36:01.927 Input peaks = -12, 11
14:36:21.949 Input peaks = -11, 11
14:36:41.976 Input peaks = -11, 11
14:37:01.994 Input peaks = -11, 11
14:37:22.013 Input peaks = -10, 12
14:37:42.029 Input peaks = -11, 11
14:37:47.057 Command to Host BUSY TRUE
14:37:53.073 Command to Host BUSY FALSE
14:38:02.054 Input peaks = -3857, 4113
14:38:22.077 Input peaks = -12, 11
14:38:42.100 Input peaks = -12, 11
14:39:02.119 Input peaks = -11, 11
14:39:22.138 Input peaks = -12, 12
14:39:42.156 Input peaks = -12, 12
14:40:02.180 Input peaks = -12, 11
14:40:22.205 Input peaks = -11, 12
14:40:42.218 Input peaks = -11, 12
14:41:02.246 Input peaks = -11, 11
14:41:22.263 Input peaks = -12, 11
14:41:42.282 Input peaks = -10, 10
14:42:02.306 Input peaks = -10, 13
14:42:22.321 Input peaks = -11, 10
14:42:42.342 Input peaks = -11, 11
14:43:02.368 Input peaks = -12, 10
14:43:22.384 Input peaks = -11, 12
14:43:42.410 Input peaks = -11, 11
14:44:02.431 Input peaks = -11, 10
14:44:22.450 Input peaks = -11, 12
14:44:42.473 Input peaks = -11, 13
14:45:02.494 Input peaks = -11, 10
14:45:22.511 Input peaks = -11, 10
14:45:42.529 Input peaks = -10, 11
14:46:02.548 Input peaks = -11, 11
14:46:22.570 Input peaks = -10, 10
14:46:42.598 Input peaks = -11, 11
14:47:02.611 Input peaks = -10, 10
14:47:22.637 Input peaks = -10, 11
14:47:42.653 Input peaks = -10, 12
14:48:02.675 Input peaks = -10, 11
14:48:22.701 Input peaks = -10, 12
14:48:42.721 Input peaks = -11, 12
14:49:02.736 Input peaks = -10, 10
14:49:22.759 Input peaks = -11, 12
14:49:42.778 Input peaks = -11, 10
14:50:02.803 Input peaks = -11, 10
14:50:22.817 Input peaks = -12, 13
14:50:42.840 Input peaks = -11, 11
14:51:02.858 Input peaks = -11, 11
14:51:22.876 Input peaks = -12, 10
14:51:42.900 Input peaks = -11, 11
14:52:02.918 Input peaks = -10, 10
14:52:22.942 Input peaks = -11, 10
14:52:42.959 Input peaks = -11, 10
14:52:55.042 Command to Host BUSY TRUE
14:53:00.925 Command to Host BUSY FALSE
14:53:02.983 Input peaks = -3914, 4138
14:53:23.000 Input peaks = -10, 11
14:53:43.022 Input peaks = -11, 11
14:54:03.043 Input peaks = -12, 11
14:54:23.059 Input peaks = -11, 12
14:54:43.080 Input peaks = -11, 11
14:55:03.100 Input peaks = -10, 10
14:55:23.122 Input peaks = -11, 10
14:55:43.140 Input peaks = -10, 11
14:56:03.158 Input peaks = -12, 11
14:56:23.180 Input peaks = -10, 10
14:56:43.204 Input peaks = -12, 11
14:57:03.227 Input peaks = -11, 11
14:57:23.244 Input peaks = -10, 10
14:57:43.261 Input peaks = -12, 10
14:57:57.644 Command to Host BUSY TRUE
14:58:03.289 Input peaks = -3853, 4110
14:58:03.506 Command to Host BUSY FALSE
14:58:23.305 Input peaks = -11, 11
14:58:43.326 Input peaks = -11, 11
14:59:03.344 Input peaks = -11, 10
14:59:23.364 Input peaks = -11, 10
14:59:43.388 Input peaks = -12, 11
15:00:03.403 Input peaks = -11, 10
15:00:23.428 Input peaks = -11, 10
15:00:43.443 Input peaks = -11, 10
15:01:03.463 Input peaks = -12, 12
15:01:23.488 Input peaks = -10, 11
15:01:43.505 Input peaks = -10, 10
15:02:03.527 Input peaks = -10, 12
15:02:23.549 Input peaks = -11, 11
15:02:43.561 Input peaks = -11, 11
15:03:03.585 Input peaks = -11, 10
15:03:23.610 Input peaks = -10, 10
15:03:43.627 Input peaks = -12, 11
15:04:03.643 Input peaks = -10, 11
15:04:23.665 Input peaks = -11, 11
15:04:43.682 Input peaks = -12, 12
15:05:03.706 Input peaks = -12, 11
15:05:23.722 Input peaks = -10, 11
15:05:43.750 Input peaks = -11, 10
15:06:03.761 Input peaks = -11, 11
15:06:23.782 Input peaks = -10, 10
15:06:43.804 Input peaks = -11, 10
15:07:03.823 Input peaks = -11, 10
15:07:23.848 Input peaks = -10, 11
15:07:43.865 Input peaks = -11, 10
15:08:03.882 Input peaks = -11, 11
15:08:23.900 Input peaks = -11, 10
15:08:43.925 Input peaks = -11, 10
15:09:03.943 Input peaks = -10, 11
15:09:23.970 Input peaks = -12, 11
15:09:43.982 Input peaks = -10, 10
15:10:04.006 Input peaks = -11, 10
15:10:24.028 Input peaks = -12, 11
15:10:44.048 Input peaks = -13, 11
15:11:04.062 Input peaks = -13, 11
15:11:24.085 Input peaks = -12, 11
15:11:44.107 Input peaks = -11, 10
15:12:04.126 Input peaks = -11, 11
15:12:24.141 Input peaks = -12, 11
15:12:44.166 Input peaks = -12, 11
15:13:04.185 Input peaks = -12, 12
15:13:24.206 Input peaks = -10, 12
15:13:44.222 Input peaks = -11, 10
15:14:04.247 Input peaks = -12, 11
15:14:24.262 Input peaks = -11, 11
15:14:44.282 Input peaks = -10, 12
15:15:04.303 Input peaks = -11, 11
15:15:24.325 Input peaks = -11, 12
15:15:44.350 Input peaks = -11, 11
15:16:04.363 Input peaks = -13, 12
15:16:24.380 Input peaks = -11, 11
15:16:44.406 Input peaks = -12, 11
15:17:04.429 Input peaks = -13, 10
15:17:24.442 Input peaks = -10, 10
15:17:44.465 Input peaks = -12, 10
15:18:04.487 Input peaks = -11, 11
15:18:24.509 Input peaks = -11, 12
15:18:44.525 Input peaks = -11, 10
15:19:04.547 Input peaks = -12, 10
15:19:24.566 Input peaks = -12, 12
15:19:44.590 Input peaks = -11, 10
15:20:04.606 Input peaks = -13, 11
15:20:24.624 Input peaks = -12, 11
15:20:44.647 Input peaks = -12, 12
15:21:04.660 Input peaks = -11, 11
15:21:24.689 Input peaks = -11, 11
15:21:44.708 Input peaks = -12, 10
15:22:04.725 Input peaks = -12, 11
15:22:24.742 Input peaks = -11, 13
15:22:44.767 Input peaks = -11, 11
15:23:04.790 Input peaks = -12, 11
15:23:24.803 Input peaks = -12, 11
15:23:44.820 Input peaks = -11, 11
15:24:04.839 Input peaks = -11, 11
15:24:24.869 Input peaks = -11, 10
15:24:44.882 Input peaks = -12, 11
15:25:04.908 Input peaks = -13, 10
15:25:24.919 Input peaks = -11, 12
15:25:44.943 Input peaks = -12, 11
15:26:04.967 Input peaks = -11, 11
15:26:24.985 Input peaks = -11, 10
15:26:45.000 Input peaks = -11, 10
15:27:05.020 Input peaks = -11, 10
15:27:25.040 Input peaks = -11, 11
15:27:45.063 Input peaks = -11, 11
15:28:05.084 Input peaks = -11, 10
15:28:07.789 Command to Host BUSY TRUE
15:28:13.663 Command to Host BUSY FALSE
15:28:25.104 Input peaks = -3913, 4140
15:28:45.127 Input peaks = -11, 10
15:29:05.140 Input peaks = -10, 12
15:29:25.166 Input peaks = -10, 10
15:29:45.185 Input peaks = -11, 10
15:30:05.204 Input peaks = -12, 10
15:30:25.222 Input peaks = -10, 12
15:30:45.246 Input peaks = -11, 11
15:31:05.268 Input peaks = -11, 11
15:31:25.287 Input peaks = -12, 10
15:31:45.304 Input peaks = -11, 10
15:32:05.322 Input peaks = -11, 11
15:32:25.344 Input peaks = -11, 10
15:32:45.362 Input peaks = -11, 10
15:33:05.379 Input peaks = -13, 11
15:33:25.405 Input peaks = -12, 11
15:33:45.425 Input peaks = -10, 12
15:34:05.441 Input peaks = -12, 11
15:34:25.462 Input peaks = -11, 10
15:34:45.486 Input peaks = -11, 11
15:35:05.504 Input peaks = -11, 10
15:35:25.520 Input peaks = -11, 10
15:35:45.540 Input peaks = -12, 10
15:36:05.566 Input peaks = -11, 11
15:36:25.579 Input peaks = -11, 10
15:36:45.598 Input peaks = -11, 11
15:37:05.619 Input peaks = -10, 10
15:37:25.643 Input peaks = -11, 10
15:37:45.663 Input peaks = -10, 12
15:38:05.680 Input peaks = -12, 11
15:38:25.705 Input peaks = -11, 10
15:38:45.727 Input peaks = -11, 10
15:39:05.741 Input peaks = -11, 11
15:39:25.759 Input peaks = -11, 12
15:39:45.785 Input peaks = -11, 10
15:40:05.798 Input peaks = -11, 10
15:40:25.821 Input peaks = -12, 10
15:40:45.844 Input peaks = -11, 10
15:41:05.860 Input peaks = -11, 11
15:41:25.880 Input peaks = -11, 11
15:41:45.901 Input peaks = -11, 12
15:42:05.923 Input peaks = -11, 11
15:42:25.939 Input peaks = -11, 11
15:42:45.962 Input peaks = -10, 10
15:43:05.983 Input peaks = -11, 11
15:43:26.001 Input peaks = -13, 12
15:43:46.026 Input peaks = -11, 13
15:44:06.043 Input peaks = -12, 11
15:44:26.064 Input peaks = -12, 10
15:44:46.080 Input peaks = -12, 10
15:45:06.106 Input peaks = -12, 12
15:45:26.126 Input peaks = -11, 11
15:45:46.147 Input peaks = -11, 11
15:46:06.158 Input peaks = -11, 11
15:46:26.180 Input peaks = -12, 12
15:46:46.203 Input peaks = -11, 10
15:47:06.223 Input peaks = -11, 11
15:47:26.243 Input peaks = -11, 10
15:47:46.260 Input peaks = -11, 12
15:48:06.281 Input peaks = -11, 11
15:48:26.299 Input peaks = -10, 10
15:48:46.322 Input peaks = -12, 11
15:49:06.345 Input peaks = -12, 13
15:49:26.363 Input peaks = -11, 10
15:49:46.387 Input peaks = -11, 10
15:50:06.398 Input peaks = -11, 11
15:50:26.424 Input peaks = -11, 10
15:50:46.446 Input peaks = -11, 10
15:51:06.458 Input peaks = -10, 11
15:51:26.481 Input peaks = -11, 11
15:51:46.496 Input peaks = -11, 11
15:52:06.525 Input peaks = -14, 12
15:52:26.547 Input peaks = -11, 11
15:52:46.560 Input peaks = -11, 10
15:53:06.584 Input peaks = -11, 10
15:53:26.598 Input peaks = -10, 11
15:53:46.624 Input peaks = -10, 10
15:54:06.647 Input peaks = -11, 11
15:54:26.659 Input peaks = -11, 11
15:54:46.681 Input peaks = -10, 10
15:55:06.704 Input peaks = -11, 11
15:55:26.724 Input peaks = -11, 10
15:55:46.742 Input peaks = -11, 10
15:56:06.765 Input peaks = -10, 10
15:56:26.778 Input peaks = -11, 12
15:56:46.803 Input peaks = -10, 11
15:57:06.821 Input peaks = -11, 10
15:57:26.843 Input peaks = -11, 10
15:57:46.862 Input peaks = -11, 10
15:58:06.878 Input peaks = -11, 10
15:58:26.905 Input peaks = -12, 10
15:58:46.924 Input peaks = -11, 11
15:59:06.942 Input peaks = -12, 10
15:59:26.963 Input peaks = -10, 10
15:59:46.982 Input peaks = -11, 10
16:00:07.003 Input peaks = -10, 10
16:00:27.015 Input peaks = -10, 11
16:00:47.038 Input peaks = -12, 11
16:01:07.056 Input peaks = -12, 11
16:01:27.086 Input peaks = -11, 11
16:01:47.100 Input peaks = -10, 11
16:02:07.116 Input peaks = -11, 11
16:02:27.138 Input peaks = -11, 10
16:02:47.159 Input peaks = -11, 10
16:03:07.176 Input peaks = -12, 12
16:03:23.943 Command to Host BUSY TRUE
16:03:27.198 Input peaks = -3835, 4147
16:03:29.879 Command to Host BUSY FALSE
16:03:47.221 Input peaks = -11, 10
16:04:07.237 Input peaks = -11, 10
16:04:27.254 Input peaks = -11, 10
16:04:47.283 Input peaks = -11, 10
16:05:07.294 Input peaks = -10, 10
16:05:27.317 Input peaks = -11, 10
16:05:47.342 Input peaks = -11, 11
16:06:07.353 Input peaks = -11, 11
16:06:27.378 Input peaks = -12, 10
16:06:47.400 Input peaks = -11, 10
16:07:07.420 Input peaks = -11, 12
16:07:27.434 Input peaks = -11, 11
16:07:47.460 Input peaks = -11, 12
16:08:07.475 Input peaks = -11, 10
16:08:27.502 Input peaks = -11, 10
16:08:47.521 Input peaks = -11, 11
16:09:07.536 Input peaks = -11, 10
16:09:27.559 Input peaks = -11, 10
16:09:47.580 Input peaks = -11, 11
16:10:07.600 Input peaks = -12, 11
16:10:27.621 Input peaks = -11, 11
16:10:47.635 Input peaks = -12, 10
16:11:07.655 Input peaks = -11, 10
16:11:27.681 Input peaks = -10, 10
16:11:47.695 Input peaks = -11, 12
16:12:07.713 Input peaks = -11, 10
16:12:27.733 Input peaks = -10, 10
16:12:47.755 Input peaks = -12, 11
16:13:07.782 Input peaks = -11, 10
16:13:27.799 Input peaks = -12, 10
16:13:47.819 Input peaks = -11, 11
16:14:07.834 Input peaks = -11, 10
16:14:27.858 Input peaks = -11, 12
16:14:47.880 Input peaks = -11, 11
16:15:07.897 Input peaks = -10, 13
16:15:27.921 Input peaks = -11, 11
16:15:47.934 Input peaks = -10, 10
16:16:07.959 Input peaks = -11, 11
16:16:27.972 Input peaks = -11, 10
16:16:47.995 Input peaks = -10, 10
16:17:08.018 Input peaks = -10, 10
16:17:28.036 Input peaks = -11, 10
16:17:48.057 Input peaks = -11, 10
16:18:08.073 Input peaks = -11, 10
16:18:28.097 Input peaks = -12, 11
16:18:48.113 Input peaks = -10, 10
16:19:08.141 Input peaks = -10, 11
16:19:28.151 Input peaks = -12, 11
16:19:48.171 Input peaks = -10, 10
16:20:08.193 Input peaks = -12, 11
16:20:28.219 Input peaks = -10, 11
16:20:48.237 Input peaks = -11, 10
16:21:08.254 Input peaks = -10, 11
16:21:28.276 Input peaks = -11, 11
16:21:48.294 Input peaks = -11, 11
16:22:08.311 Input peaks = -10, 10
16:22:28.330 Input peaks = -12, 10
16:22:48.355 Input peaks = -10, 10
16:23:08.376 Input peaks = -11, 11
16:23:28.395 Input peaks = -10, 11
16:23:47.892 Command to Host BUSY TRUE
16:23:48.412 Input peaks = -3925, 4111
16:23:53.894 Command to Host BUSY FALSE
16:24:08.431 Input peaks = -133, 142
16:24:28.454 Input peaks = -10, 10
16:24:48.473 Input peaks = -11, 10
16:25:08.497 Input peaks = -12, 10
16:25:28.512 Input peaks = -10, 12
16:25:48.532 Input peaks = -11, 11
16:26:08.548 Input peaks = -11, 11
16:26:28.570 Input peaks = -10, 10
16:26:48.597 Input peaks = -11, 10
16:27:08.608 Input peaks = -11, 11
16:27:28.633 Input peaks = -11, 10
16:27:48.648 Input peaks = -11, 14
16:28:08.676 Input peaks = -10, 11
16:28:28.692 Input peaks = -12, 10
16:28:48.897 Input peaks = -11, 11
16:29:08.913 Input peaks = -10, 10
16:29:28.935 Input peaks = -11, 10
16:29:48.951 Input peaks = -11, 10
16:30:08.974 Input peaks = -10, 9
16:30:28.996 Input peaks = -10, 10
16:30:49.016 Input peaks = -12, 11
16:31:09.031 Input peaks = -12, 13
16:31:29.053 Input peaks = -11, 10
16:31:49.073 Input peaks = -10, 10
16:32:09.095 Input peaks = -12, 11
16:32:29.113 Input peaks = -11, 11
16:32:49.131 Input peaks = -10, 11
16:33:09.155 Input peaks = -10, 10
16:33:29.173 Input peaks = -11, 10
16:33:49.200 Input peaks = -11, 11
16:33:54.195 Command to Host BUSY TRUE
16:34:00.119 Command to Host BUSY FALSE
16:34:09.211 Input peaks = -3928, 4115
16:34:29.232 Input peaks = -13, 10
16:34:49.258 Input peaks = -11, 10
16:35:09.278 Input peaks = -12, 10
16:35:29.297 Input peaks = -11, 10
16:35:49.317 Input peaks = -11, 10
16:36:09.331 Input peaks = -11, 10
16:36:29.356 Input peaks = -10, 11
16:36:49.377 Input peaks = -11, 10
16:37:09.396 Input peaks = -11, 10
16:37:29.413 Input peaks = -11, 10
16:37:49.438 Input peaks = -11, 11
16:38:09.454 Input peaks = -11, 10
16:38:29.470 Input peaks = -10, 12
16:38:49.491 Input peaks = -10, 10
16:39:09.512 Input peaks = -10, 11
16:39:29.538 Input peaks = -11, 11
16:39:49.558 Input peaks = -11, 11
16:40:09.569 Input peaks = -10, 10
16:40:29.599 Input peaks = -10, 11
16:40:49.609 Input peaks = -11, 10
16:41:09.635 Input peaks = -10, 10
16:41:29.650 Input peaks = -10, 11
16:41:49.676 Input peaks = -10, 10
16:42:09.697 Input peaks = -12, 10
16:42:29.710 Input peaks = -10, 11
16:42:49.737 Input peaks = -10, 11
16:43:09.748 Input peaks = -11, 10
16:43:29.770 Input peaks = -12, 11
16:43:49.791 Input peaks = -11, 11
16:44:09.809 Input peaks = -10, 10
16:44:29.833 Input peaks = -10, 11
16:44:49.853 Input peaks = -11, 10
16:45:09.871 Input peaks = -11, 11
16:45:29.895 Input peaks = -10, 10
16:45:49.909 Input peaks = -11, 10
16:46:09.930 Input peaks = -11, 11
16:46:29.948 Input peaks = -10, 10
16:46:49.968 Input peaks = -11, 11
16:47:09.993 Input peaks = -11, 10
16:47:30.009 Input peaks = -11, 11
16:47:50.031 Input peaks = -10, 11
16:48:10.052 Input peaks = -12, 10
16:48:30.073 Input peaks = -11, 10
16:48:50.088 Input peaks = -12, 10
16:49:10.112 Input peaks = -11, 10
16:49:30.136 Input peaks = -11, 10
16:49:50.152 Input peaks = -12, 11
16:50:10.171 Input peaks = -11, 11
16:50:30.193 Input peaks = -13, 10
16:50:50.207 Input peaks = -11, 11
16:51:10.231 Input peaks = -12, 11
16:51:30.250 Input peaks = -12, 11
16:51:50.272 Input peaks = -11, 11
16:52:10.290 Input peaks = -11, 11
16:52:30.305 Input peaks = -11, 10
16:52:50.332 Input peaks = -11, 11
16:53:10.344 Input peaks = -11, 11
16:53:30.367 Input peaks = -11, 10
16:53:50.387 Input peaks = -12, 11
16:54:10.408 Input peaks = -13, 10
16:54:30.426 Input peaks = -12, 10
16:54:50.450 Input peaks = -11, 10
16:55:10.467 Input peaks = -11, 11
16:55:30.483 Input peaks = -12, 10
16:55:50.504 Input peaks = -11, 11
16:56:10.526 Input peaks = -11, 11
16:56:30.542 Input peaks = -11, 10
16:56:50.563 Input peaks = -12, 11
16:57:10.588 Input peaks = -12, 10
16:57:30.610 Input peaks = -12, 11
16:57:50.626 Input peaks = -11, 11
16:58:10.650 Input peaks = -12, 10
16:58:30.663 Input peaks = -11, 10
16:58:50.690 Input peaks = -11, 12
16:59:10.703 Input peaks = -11, 12
16:59:30.725 Input peaks = -13, 11
16:59:50.746 Input peaks = -11, 10
17:00:10.762 Input peaks = -11, 11
17:00:30.782 Input peaks = -12, 11
17:00:50.799 Input peaks = -12, 10
17:01:10.824 Input peaks = -11, 11
17:01:30.846 Input peaks = -10, 11
17:01:50.860 Input peaks = -10, 10
17:02:10.884 Input peaks = -11, 10
17:02:30.903 Input peaks = -10, 11
17:02:50.921 Input peaks = -10, 12
17:03:10.935 Input peaks = -11, 11
17:03:30.958 Input peaks = -11, 11
17:03:50.974 Input peaks = -11, 10
17:04:10.993 Input peaks = -11, 11
17:04:31.013 Input peaks = -11, 13
17:04:51.034 Input peaks = -10, 11
17:05:11.055 Input peaks = -10, 11
17:05:31.076 Input peaks = -11, 11
17:05:51.100 Input peaks = -11, 11
17:06:11.113 Input peaks = -11, 11
17:06:31.139 Input peaks = -12, 11
17:06:51.150 Input peaks = -11, 11
17:07:11.173 Input peaks = -12, 11
17:07:31.192 Input peaks = -12, 11
17:07:51.211 Input peaks = -11, 11
17:08:11.229 Input peaks = -13, 11
17:08:31.250 Input peaks = -11, 10
17:08:51.272 Input peaks = -11, 11
17:09:11.287 Input peaks = -12, 10
17:09:31.307 Input peaks = -14, 10
17:09:51.328 Input peaks = -11, 10
17:10:11.347 Input peaks = -12, 11
17:10:31.369 Input peaks = -10, 11
17:10:51.391 Input peaks = -10, 10
17:11:11.409 Input peaks = -11, 10
17:11:31.432 Input peaks = -12, 11
17:11:51.449 Input peaks = -12, 10
17:12:11.471 Input peaks = -11, 10
17:12:31.488 Input peaks = -12, 11
17:12:51.503 Input peaks = -11, 11
17:13:11.523 Input peaks = -12, 13
17:13:31.546 Input peaks = -11, 10
17:13:51.565 Input peaks = -10, 10
17:14:11.582 Input peaks = -12, 10
17:14:31.604 Input peaks = -11, 11
17:14:51.624 Input peaks = -12, 11
17:15:11.648 Input peaks = -12, 12
17:15:31.665 Input peaks = -12, 11
17:15:51.687 Input peaks = -12, 11
17:16:11.708 Input peaks = -11, 14
17:16:31.727 Input peaks = -11, 10
17:16:51.745 Input peaks = -11, 11
17:17:11.764 Input peaks = -12, 11
17:17:31.782 Input peaks = -11, 12
17:17:51.802 Input peaks = -11, 11
17:18:11.820 Input peaks = -11, 10
17:18:31.840 Input peaks = -12, 11
17:18:51.857 Input peaks = -12, 11
17:19:11.877 Input peaks = -11, 10
17:19:31.893 Input peaks = -11, 10
17:19:51.911 Input peaks = -11, 12
17:20:11.931 Input peaks = -12, 10
17:20:31.957 Input peaks = -11, 10
17:20:51.977 Input peaks = -12, 12
17:21:11.992 Input peaks = -12, 10
17:21:32.010 Input peaks = -12, 11
17:21:52.031 Input peaks = -12, 10
17:22:12.050 Input peaks = -12, 11
17:22:32.069 Input peaks = -12, 11
17:22:52.086 Input peaks = -11, 11
17:23:12.105 Input peaks = -11, 12
17:23:32.132 Input peaks = -10, 11
17:23:52.151 Input peaks = -11, 11
17:24:12.167 Input peaks = -11, 10
17:24:32.186 Input peaks = -12, 11
17:24:38.043 Command to Host BUSY TRUE
17:24:43.948 Command to Host BUSY FALSE
17:24:52.200 Input peaks = -3852, 4115
17:25:12.221 Input peaks = -11, 11
17:25:32.243 Input peaks = -12, 10
17:25:52.262 Input peaks = -12, 10
17:26:12.281 Input peaks = -11, 10
17:26:32.302 Input peaks = -12, 10
17:26:52.319 Input peaks = -13, 11
17:27:12.340 Input peaks = -11, 11
17:27:32.356 Input peaks = -11, 12
17:27:52.376 Input peaks = -11, 12
17:28:12.395 Input peaks = -10, 11
17:28:32.412 Input peaks = -10, 10
17:28:52.440 Input peaks = -11, 12
17:29:12.457 Input peaks = -11, 10
17:29:32.476 Input peaks = -10, 11
17:29:45.292 Command to Host BUSY TRUE
17:29:51.175 Command to Host BUSY FALSE
17:29:52.491 Input peaks = -3834, 4148
17:30:12.510 Input peaks = -12, 10
17:30:32.529 Input peaks = -12, 11
17:30:52.553 Input peaks = -12, 11
17:31:12.569 Input peaks = -10, 11
17:31:32.594 Input peaks = -10, 11
17:31:52.608 Input peaks = -11, 11
17:32:11.882 SCS Host Command DD
17:32:11.882 [obCommand Trace FROM host: C:DD
17:32:11.882 Command to Host BUFFER 0
17:32:12.626 Input peaks = -12, 12
17:32:13.083 Exit Host Mode
17:32:14.092 SCS Command ST 0
17:32:14.092 [obCommand Trace FROM host: C:ST 0
17:32:14.092 FAULT CMD not recoginized
17:32:14.929 Command to Host BUSY TRUE
17:32:21.050 Command to Host BUSY FALSE
17:32:32.646 Input peaks = -6502, 6185
17:32:52.666 Input peaks = -12, 10
17:33:12.694 Input peaks = -11, 12
17:33:32.708 Input peaks = -18392, 15750
17:33:32.776 Command to Host BUSY TRUE
17:33:39.653 Command to Host BUSY FALSE
17:33:52.730 Input peaks = -18378, 15598
17:33:57.326 SCS Command MYCALL GM8BPQ
17:33:57.326 Mycall: >GM8BPQ<
17:33:57.440 SCS Command ARDOP
17:33:57.440 
OK
17:33:57.441 ARDOP Native Mode
17:33:57.551 SCS Command INITIALIZE
17:33:57.551 [obCommand Trace FROM host: C:INITIALIZE
17:33:57.551 Command to Host BUFFER 0
17:33:57.551 INITIALIZE
17:33:57.551 SCS Command VERSION
17:33:57.551 [obCommand Trace FROM host: C:VERSION
17:33:57.551 VERSION ARDOP TNC_0.9.0.2-BPQ
17:33:57.551 SCS Command CWID False
17:33:57.551 [obCommand Trace FROM host: C:CWID FALSE
17:33:57.551 CWID now FALSE
17:33:57.551 SCS Command PROTOCOLMODE ARQ
17:33:57.551 [obCommand Trace FROM host: C:PROTOCOLMODE ARQ
17:33:57.552 PROTOCOLMODE now ARQ
17:33:57.552 SCS Command ARQTIMEOUT 90
17:33:57.552 [obCommand Trace FROM host: C:ARQTIMEOUT 90
17:33:57.552 ARQTIMEOUT now 90
17:33:57.552 SCS Command DEBUGLOG TRUE
17:33:57.552 [obCommand Trace FROM host: C:DEBUGLOG TRUE
17:33:57.552 DEBUGLOG now TRUE
17:33:57.552 SCS Command CMDTRACE True
17:33:57.552 [obCommand Trace FROM host: C:CMDTRACE TRUE
17:33:57.552 CMDTRACE now TRUE
17:33:57.552 SCS Command CWID FALSE
17:33:57.552 [obCommand Trace FROM host: C:CWID FALSE
17:33:57.552 CWID now FALSE
17:33:57.552 SCS Command DRIVELEVEL 100
17:33:57.552 [obCommand Trace FROM host: C:DRIVELEVEL 100
17:33:57.552 DRIVELEVEL now 100
17:33:57.552 SCS Command GRIDSQUARE IO68VL
17:33:57.552 [obCommand Trace FROM host: C:GRIDSQUARE IO68VL
17:33:57.552 GRIDSQUARE now IO68VL
17:33:57.552 SCS Command FECREPEATS 0
17:33:57.552 [obCommand Trace FROM host: C:FECREPEATS 0
17:33:57.552 FECREPEATS now 0
17:33:57.552 SCS Command FASTSTART TRUE
17:33:57.552 [obCommand Trace FROM host: C:FASTSTART TRUE
17:33:57.552 SCS Command MYCALL G8BPQ-2
17:33:57.552 Mycall: >G8BPQ-2<
17:33:57.552 SCS Command MYAUX G8BPQ-10,G8BPQ-1,G8BPQ-3,G8BPQ-5,G8BPQ-15,G8BPQ
17:33:57.552 [obCommand Trace FROM host: C:MYAUX G8BPQ-10,G8BPQ-1,G8BPQ-3,G8BPQ-5,G8BPQ-15,G8BPQ
17:33:57.552 MYAUX now G8BPQ-10,G8BPQ-1,G8BPQ-3,G8BPQ-5,G8BPQ-15,G8BPQ
17:33:57.552 SCS Command JHOST4
17:33:57.552 Entering Host Mode
17:34:12.746 Input peaks = -11, 11
17:34:30.625 [obCommand Trace FROM host: C:LISTEN FALSE
17:34:32.767 Input peaks = -12, 10
17:34:38.719 [obCommand Trace FROM host: C:ARQCALL GM8BPQ02 5
17:34:47.266 [obCommand Trace FROM host: C:ARQCALL GM8BPQ-2 5
17:34:47.267 [SendARQConnectRequest] strMycall=G8BPQ-2  strTargetCall=GM8BPQ-2 bytPendnigSessionID=36
17:34:47.267 Sending Frame Type ConReq2000M
17:34:47.267 Command to Host PTT TRUE
17:34:47.267 [Main.KeyPTT]  PTT-TRUE
17:34:48.998 Command to Host PTT FALSE
17:34:48.998 [Main.KeyPTT]  PTT-FALSE
17:34:51.000 Repeating Last Frame
17:34:51.000 Sending Frame Type ConReq2000M
17:34:51.000 Command to Host PTT TRUE
17:34:51.000 [Main.KeyPTT]  PTT-TRUE
17:34:52.733 Command to Host PTT FALSE
17:34:52.733 [Main.KeyPTT]  PTT-FALSE
17:34:52.784 Input peaks = -32768, 32767
17:34:54.743 Repeating Last Frame
17:34:54.743 Sending Frame Type ConReq2000M
17:34:54.743 Command to Host PTT TRUE
17:34:54.743 [Main.KeyPTT]  PTT-TRUE
17:34:56.478 Command to Host PTT FALSE
17:34:56.478 [Main.KeyPTT]  PTT-FALSE
17:34:58.481 Repeating Last Frame
17:34:58.481 Sending Frame Type ConReq2000M
17:34:58.481 Command to Host PTT TRUE
17:34:58.481 [Main.KeyPTT]  PTT-TRUE
17:35:00.210 Command to Host PTT FALSE
17:35:00.210 [Main.KeyPTT]  PTT-FALSE
17:35:02.221 Repeating Last Frame
17:35:02.221 Sending Frame Type ConReq2000M
17:35:02.221 Command to Host PTT TRUE
17:35:02.221 [Main.KeyPTT]  PTT-TRUE
17:35:03.951 Command to Host PTT FALSE
17:35:03.951 [Main.KeyPTT]  PTT-FALSE
17:35:12.808 Input peaks = -32768, 32767
17:35:32.828 Input peaks = -10, 10
17:35:52.846 Input peaks = -11, 12
17:36:09.072 [obCommand Trace FROM host: C:STATE
17:36:12.860 Input peaks = -11, 11
17:36:32.884 Input peaks = -11, 11
17:36:52.903 Input peaks = -11, 10
17:37:12.919 Input peaks = -13, 10
17:37:15.024 [obCommand Trace FROM host: C:STATE
17:37:32.941 Input peaks = -12, 11
17:37:52.963 Input peaks = -10, 11
17:38:12.983 Input peaks = -11, 11
17:38:20.962 [obCommand Trace FROM host: C:STATE
17:38:33.006 Input peaks = -12, 12
17:38:53.023 Input peaks = -11, 12
17:39:13.043 Input peaks = -11, 11
17:39:27.101 [obCommand Trace FROM host: C:STATE
17:39:33.064 Input peaks = -11, 14
17:39:53.075 Input peaks = -11, 10
17:40:13.094 Input peaks = -12, 11
17:40:33.114 Input peaks = -12, 12
17:40:33.335 [obCommand Trace FROM host: C:STATE
17:40:53.142 Input peaks = -11, 10
17:41:13.156 Input peaks = -11, 11
17:41:33.181 Input peaks = -11, 11
17:41:42.149 [obCommand Trace FROM host: C:STATE
17:41:53.597 Input peaks = -8090, 8900
17:42:13.618 Input peaks = -11, 11
17:42:33.637 Input peaks = -11, 10
17:42:48.535 [obCommand Trace FROM host: C:STATE
17:42:53.655 Input peaks = -12, 12
17:43:13.667 Input peaks = -11, 12
17:43:33.692 Input peaks = -11, 11
17:43:53.706 Input peaks = -10, 11
17:43:54.563 [obCommand Trace FROM host: C:STATE
17:44:13.728 Input peaks = -11, 10
17:44:33.746 Input peaks = -11, 10
17:44:53.766 Input peaks = -10, 11
17:45:00.890 [obCommand Trace FROM host: C:STATE
17:45:13.787 Input peaks = -12, 13
17:45:33.809 Input peaks = -12, 11
17:45:53.828 Input peaks = -12, 11
17:46:07.231 [obCommand Trace FROM host: C:STATE
17:46:13.848 Input peaks = -12, 11
17:46:33.864 Input peaks = -11, 11
17:46:53.884 Input peaks = -10, 12
17:47:13.204 [obCommand Trace FROM host: C:STATE
17:47:13.913 Input peaks = -12, 11
17:47:33.930 Input peaks = -12, 10
17:47:53.951 Input peaks = -11, 10
17:48:13.968 Input peaks = -10, 11
17:48:19.108 [obCommand Trace FROM host: C:STATE
17:48:33.986 Input peaks = -12, 10
17:48:54.001 Input peaks = -11, 11
17:49:14.022 Input peaks = -10, 10
17:49:25.144 [obCommand Trace FROM host: C:STATE
17:49:34.040 Input peaks = -13, 11
17:49:54.062 Input peaks = -12, 11
17:50:14.082 Input peaks = -11, 12
17:50:31.094 [obCommand Trace FROM host: C:STATE
17:50:34.106 Input peaks = -12, 10
17:50:54.126 Input peaks = -12, 10
17:51:14.149 Input peaks = -11, 10
17:51:34.166 Input peaks = -12, 11
17:51:36.946 [obCommand Trace FROM host: C:STATE
17:51:38.144 [obCommand Trace FROM host: C:LISTEN TRUE
17:51:54.180 Input peaks = -10, 11
17:52:14.203 Input peaks = -11, 10
17:52:34.228 Input peaks = -12, 12
17:52:43.160 [obCommand Trace FROM host: C:STATE
17:52:54.245 Input peaks = -12, 12
17:53:14.263 Input peaks = -11, 11
17:53:34.285 Input peaks = -11, 11
17:53:49.074 [obCommand Trace FROM host: C:STATE
17:53:54.296 Input peaks = -10, 11
17:54:14.324 Input peaks = -11, 10
17:54:34.337 Input peaks = -10, 11
17:54:54.364 Input peaks = -11, 10
17:54:55.359 [obCommand Trace FROM host: C:STATE
17:55:14.377 Input peaks = -9897, 9663
17:55:34.397 Input peaks = -11, 10
17:55:54.416 Input peaks = -11, 10
17:56:01.468 [obCommand Trace FROM host: C:STATE
17:56:14.440 Input peaks = -11, 11
17:56:34.458 Input peaks = -11, 11
17:56:54.477 Input peaks = -11, 10
17:57:08.318 [obCommand Trace FROM host: C:STATE
17:57:14.495 Input peaks = -10, 12
17:57:34.520 Input peaks = -11, 12
17:57:54.535 Input peaks = -10, 11
17:58:14.386 [obCommand Trace FROM host: C:STATE
17:58:14.553 Input peaks = -11, 11
17:58:34.575 Input peaks = -12, 10
17:58:54.596 Input peaks = -10, 10
17:59:14.620 Input peaks = -11, 10
17:59:20.709 [obCommand Trace FROM host: C:STATE
17:59:34.635 Input peaks = -11, 10
17:59:54.660 Input peaks = -11, 11
18:00:14.673 Input peaks = -11, 11
18:00:26.690 [obCommand Trace FROM host: C:STATE
18:00:34.694 Input peaks = -11, 10
18:00:39.263 [obCommand Trace FROM host: C:LISTEN FALSE
18:00:44.099 [obCommand Trace FROM host: C:FECSEND TRUE
18:00:44.099 Sending Frame Type 4FSK.200.50.E
18:00:44.099 Command to Host PTT TRUE
18:00:44.099 [Main.KeyPTT]  PTT-TRUE
18:00:46.298 Repeating last packet
18:00:47.992 Command to Host PTT FALSE
18:00:47.992 [Main.KeyPTT]  PTT-FALSE
18:00:47.992 [GetNextFECFrame] All data and repeats sent.  Going to DISC state
18:00:47.992 Command to Host PTT FALSE
18:00:47.992 [Main.KeyPTT]  PTT-FALSE
18:00:52.314 [obCommand Trace FROM host: C:FECSEND TRUE
18:00:52.715 Sending Frame Type 4FSK.200.50.O
18:00:52.715 Command to Host PTT TRUE
18:00:52.715 [Main.KeyPTT]  PTT-TRUE
18:00:54.502 Repeating last packet
18:00:55.030 Input peaks = -32768, 32767
18:00:56.605 Command to Host PTT FALSE
18:00:56.605 [Main.KeyPTT]  PTT-FALSE
18:00:56.605 [GetNextFECFrame] All data and repeats sent.  Going to DISC state
18:00:56.605 Command to Host PTT FALSE
18:00:56.605 [Main.KeyPTT]  PTT-FALSE
18:00:58.821 Repeating last packet
18:01:15.058 Input peaks = -32768, 32767
18:01:33.034 [obCommand Trace FROM host: C:STATE
18:01:35.075 Input peaks = -11, 10
18:01:55.094 Input peaks = -10, 10
18:02:15.116 Input peaks = -10, 11
18:02:35.128 Input peaks = -12, 11
18:02:55.153 Input peaks = -11, 12
18:03:14.390 Exit Host Mode
18:03:15.170 Input peaks = -11, 11
18:03:16.578 SCS Command 
18:03:16.683 SCS Command ARDOP
18:03:16.683 
OK
18:03:16.683 ARDOP Native Mode
18:03:16.797 SCS Command INITIALIZE
18:03:16.797 [obCommand Trace FROM host: C:INITIALIZE
18:03:16.797 Command to Host BUFFER 0
18:03:16.797 INITIALIZE
18:03:16.798 SCS Command VERSION
18:03:16.798 [obCommand Trace FROM host: C:VERSION
18:03:16.798 VERSION ARDOP TNC_0.9.0.2-BPQ
18:03:16.798 SCS Command CWID False
18:03:16.798 [obCommand Trace FROM host: C:CWID FALSE
18:03:16.798 CWID now FALSE
18:03:16.798 SCS Command PROTOCOLMODE ARQ
18:03:16.798 [obCommand Trace FROM host: C:PROTOCOLMODE ARQ
18:03:16.798 PROTOCOLMODE now ARQ
18:03:16.798 SCS Command ARQTIMEOUT 90
18:03:16.798 [obCommand Trace FROM host: C:ARQTIMEOUT 90
18:03:16.798 ARQTIMEOUT now 90
18:03:16.798 SCS Command DEBUGLOG TRUE
18:03:16.798 [obCommand Trace FROM host: C:DEBUGLOG TRUE
18:03:16.798 DEBUGLOG now TRUE
18:03:16.798 SCS Command CMDTRACE True
18:03:16.798 [obCommand Trace FROM host: C:CMDTRACE TRUE
18:03:16.798 CMDTRACE now TRUE
18:03:16.798 SCS Command CWID FALSE
18:03:16.798 [obCommand Trace FROM host: C:CWID FALSE
18:03:16.798 CWID now FALSE
18:03:16.798 SCS Command DRIVELEVEL 100
18:03:16.798 [obCommand Trace FROM host: C:DRIVELEVEL 100
18:03:16.798 DRIVELEVEL now 100
18:03:16.798 SCS Command GRIDSQUARE IO68VL
18:03:16.798 [obCommand Trace FROM host: C:GRIDSQUARE IO68VL
18:03:16.798 GRIDSQUARE now IO68VL
18:03:16.798 SCS Command FECREPEATS 0
18:03:16.798 [obCommand Trace FROM host: C:FECREPEATS 0
18:03:16.798 FECREPEATS now 0
18:03:16.798 SCS Command FASTSTART TRUE
18:03:16.798 [obCommand Trace FROM host: C:FASTSTART TRUE
18:03:16.798 SCS Command MYCALL G8BPQ-2
18:03:16.798 Mycall: >G8BPQ-2<
18:03:16.798 SCS Command MYAUX G8BPQ-10,G8BPQ-1,G8BPQ-3,G8BPQ-5,G8BPQ-15,G8BPQ
18:03:16.798 [obCommand Trace FROM host: C:MYAUX G8BPQ-10,G8BPQ-1,G8BPQ-3,G8BPQ-5,G8BPQ-15,G8BPQ
18:03:16.798 MYAUX now G8BPQ-10,G8BPQ-1,G8BPQ-3,G8BPQ-5,G8BPQ-15,G8BPQ
18:03:16.798 SCS Command JHOST4
18:03:16.798 Entering Host Mode
18:03:35.190 Input peaks = -18394, 15744
18:03:46.952 Exit Host Mode
18:03:49.148 SCS Command 
18:03:49.243 SCS Command ARDOP
18:03:49.243 
OK
18:03:49.243 ARDOP Native Mode
18:03:49.358 SCS Command INITIALIZE
18:03:49.358 [obCommand Trace FROM host: C:INITIALIZE
18:03:49.358 Command to Host BUFFER 0
18:03:49.358 INITIALIZE
18:03:49.358 SCS Command VERSION
18:03:49.358 [obCommand Trace FROM host: C:VERSION
18:03:49.358 VERSION ARDOP TNC_0.9.0.2-BPQ
18:03:49.358 SCS Command CWID False
18:03:49.358 [obCommand Trace FROM host: C:CWID FALSE
18:03:49.358 CWID now FALSE
18:03:49.358 SCS Command PROTOCOLMODE ARQ
18:03:49.358 [obCommand Trace FROM host: C:PROTOCOLMODE ARQ
18:03:49.358 PROTOCOLMODE now ARQ
18:03:49.358 SCS Command ARQTIMEOUT 90
18:03:49.358 [obCommand Trace FROM host: C:ARQTIMEOUT 90
18:03:49.358 ARQTIMEOUT now 90
18:03:49.359 SCS Command DEBUGLOG TRUE
18:03:49.359 [obCommand Trace FROM host: C:DEBUGLOG TRUE
18:03:49.359 DEBUGLOG now TRUE
18:03:49.359 SCS Command CMDTRACE True
18:03:49.359 [obCommand Trace FROM host: C:CMDTRACE TRUE
18:03:49.359 CMDTRACE now TRUE
18:03:49.359 SCS Command CWID FALSE
18:03:49.359 [obCommand Trace FROM host: C:CWID FALSE
18:03:49.359 CWID now FALSE
18:03:49.359 SCS Command DRIVELEVEL 100
18:03:49.359 [obCommand Trace FROM host: C:DRIVELEVEL 100
18:03:49.359 DRIVELEVEL now 100
18:03:49.359 SCS Command GRIDSQUARE IO68VL
18:03:49.359 [obCommand Trace FROM host: C:GRIDSQUARE IO68VL
18:03:49.359 GRIDSQUARE now IO68VL
18:03:49.359 SCS Command FECREPEATS 0
18:03:49.359 [obCommand Trace FROM host: C:FECREPEATS 0
18:03:49.359 FECREPEATS now 0
18:03:49.359 SCS Command FASTSTART TRUE
18:03:49.359 [obCommand Trace FROM host: C:FASTSTART TRUE
18:03:49.359 SCS Command MYCALL G8BPQ-2
18:03:49.359 Mycall: >G8BPQ-2<
18:03:49.359 SCS Command MYAUX G8BPQ-10,G8BPQ-1,G8BPQ-3,G8BPQ-5,G8BPQ-15,G8BPQ
18:03:49.359 [obCommand Trace FROM host: C:MYAUX G8BPQ-10,G8BPQ-1,G8BPQ-3,G8BPQ-5,G8BPQ-15,G8BPQ
18:03:49.359 MYAUX now G8BPQ-10,G8BPQ-1,G8BPQ-3,G8BPQ-5,G8BPQ-15,G8BPQ
18:03:49.370 SCS Command JHOST4
18:03:49.370 Entering Host Mode
18:03:55.223 Input peaks = -10, 11
18:04:15.238 Input peaks = -12, 12
18:04:17.588 [obCommand Trace FROM host: C:LISTEN FALSE
18:04:22.969 [obCommand Trace FROM host: C:FECSEND TRUE
18:04:23.370 Sending Frame Type 4FSK.200.50.E
18:04:23.370 Command to Host PTT TRUE
18:04:23.370 [Main.KeyPTT]  PTT-TRUE
18:04:25.154 Repeating last packet
18:04:27.259 Command to Host PTT FALSE
18:04:27.259 [Main.KeyPTT]  PTT-FALSE
18:04:27.659 Sending Frame Type 4FSK.200.50.O
18:04:27.659 Command to Host PTT TRUE
18:04:27.659 [Main.KeyPTT]  PTT-TRUE
18:04:31.561 Command to Host PTT FALSE
18:04:31.561 [Main.KeyPTT]  PTT-FALSE
18:04:31.572 [GetNextFECFrame] All data and repeats sent.  Going to DISC state
18:04:31.572 Command to Host PTT FALSE
18:04:31.572 [Main.KeyPTT]  PTT-FALSE
18:04:35.922 Input peaks = -32768, 32767
18:04:50.645 [obCommand Trace FROM host: C:STATE
18:04:55.935 Input peaks = -11, 11
18:05:15.963 Input peaks = -13, 11
18:05:35.979 Input peaks = -10, 11
18:05:56.000 Input peaks = -10, 11
18:05:56.525 [obCommand Trace FROM host: C:STATE
18:06:16.013 Input peaks = -11, 11
18:06:36.040 Input peaks = -10, 10
18:06:56.059 Input peaks = -11, 11
18:07:02.409 [obCommand Trace FROM host: C:STATE
18:07:16.078 Input peaks = -11, 10
18:07:36.096 Input peaks = -11, 10
18:07:56.121 Input peaks = -11, 11
18:08:08.388 [obCommand Trace FROM host: C:STATE
18:08:16.132 Input peaks = -12, 12
18:08:36.160 Input peaks = -11, 12
18:08:56.174 Input peaks = -11, 10
18:09:14.355 [obCommand Trace FROM host: C:STATE
18:09:16.196 Input peaks = -11, 10
18:09:36.210 Input peaks = -11, 10
18:09:56.237 Input peaks = -10, 11
18:10:16.257 Input peaks = -11, 11
18:10:20.180 [obCommand Trace FROM host: C:STATE
18:10:36.272 Input peaks = -11, 11
18:10:56.294 Input peaks = -10, 10
18:11:16.319 Input peaks = -10, 10
18:11:26.059 [obCommand Trace FROM host: C:STATE
18:11:36.338 Input peaks = -12, 10
18:11:56.350 Input peaks = -11, 10
18:12:16.377 Input peaks = -12, 11
18:12:32.583 [obCommand Trace FROM host: C:STATE
18:12:36.466 Input peaks = -25174, 19070
18:12:56.479 Input peaks = -10, 11
18:13:16.504 Input peaks = -11, 10
18:13:36.522 Input peaks = -10, 11
18:13:38.506 [obCommand Trace FROM host: C:STATE
18:13:56.545 Input peaks = -11, 11
18:14:16.559 Input peaks = -10, 11
18:14:36.584 Input peaks = -10, 11
18:14:44.382 [obCommand Trace FROM host: C:STATE
18:14:56.601 Input peaks = -11, 10
18:15:16.626 Input peaks = -11, 10
18:15:17.884 [obCommand Trace FROM host: C:SENDID
18:15:17.884 Sending Frame Type IDFrame
18:15:17.884 Command to Host PTT TRUE
18:15:17.884 [Main.KeyPTT]  PTT-TRUE
18:15:19.622 Command to Host PTT FALSE
18:15:19.622 [Main.KeyPTT]  PTT-FALSE
18:15:36.643 Input peaks = -32768, 32767
18:15:50.152 [obCommand Trace FROM host: C:STATE
18:15:56.665 Input peaks = -11, 11
18:16:16.683 Input peaks = -11, 11
18:16:36.707 Input peaks = -11, 10
18:16:56.068 [obCommand Trace FROM host: C:STATE
18:16:56.720 Input peaks = -11, 11
18:17:16.738 Input peaks = -11, 10
18:17:36.758 Input peaks = -11, 11
18:17:56.780 Input peaks = -12, 12
18:18:01.914 [obCommand Trace FROM host: C:STATE
18:18:16.796 Input peaks = -11, 11
18:18:36.815 Input peaks = -15, 11
18:18:56.837 Input peaks = -10, 10
18:19:07.796 [obCommand Trace FROM host: C:STATE
18:19:16.857 Input peaks = -12, 11
18:19:36.874 Input peaks = -12, 14
18:19:56.896 Input peaks = -11, 10
18:20:13.767 [obCommand Trace FROM host: C:STATE
18:20:16.919 Input peaks = -12, 12
18:20:36.939 Input peaks = -11, 10
18:20:56.956 Input peaks = -12, 11
18:21:16.977 Input peaks = -11, 11
18:21:19.658 [obCommand Trace FROM host: C:STATE
18:21:36.999 Input peaks = -11, 11
18:21:57.021 Input peaks = -11, 11
18:22:17.036 Input peaks = -11, 10
18:22:25.532 [obCommand Trace FROM host: C:STATE
18:22:37.053 Input peaks = -13, 11
18:22:57.081 Input peaks = -12, 12
18:23:17.098 Input peaks = -11, 11
18:23:31.437 [obCommand Trace FROM host: C:STATE
18:23:37.118 Input peaks = -12, 10
18:23:57.136 Input peaks = -10, 11
18:24:17.155 Input peaks = -12, 11
18:24:37.170 Input peaks = -11, 11
18:24:37.306 [obCommand Trace FROM host: C:STATE
18:24:57.195 Input peaks = -12, 11
18:25:17.213 Input peaks = -12, 11
18:25:37.233 Input peaks = -13, 11
18:25:43.254 [obCommand Trace FROM host: C:STATE
18:25:57.250 Input peaks = -11, 11
18:26:14.784 [obCommand Trace FROM host: C:SENDID
18:26:14.784 Sending Frame Type IDFrame
18:26:14.784 Command to Host PTT TRUE
18:26:14.784 [Main.KeyPTT]  PTT-TRUE
18:26:16.520 Command to Host PTT FALSE
18:26:16.520 [Main.KeyPTT]  PTT-FALSE
18:26:17.276 Input peaks = -32768, 32767
18:26:37.298 Input peaks = -12, 10
18:26:49.056 [obCommand Trace FROM host: C:STATE
18:26:57.319 Input peaks = -11, 11
18:27:17.331 Input peaks = -11, 11
18:27:37.348 Input peaks = -11, 11
18:27:54.964 [obCommand Trace FROM host: C:STATE
18:27:57.373 Input peaks = -11, 11
18:28:17.396 Input peaks = -12, 11
18:28:37.413 Input peaks = -12, 10
18:28:57.432 Input peaks = -11, 11
18:29:00.905 [obCommand Trace FROM host: C:STATE
18:29:17.456 Input peaks = -11, 11
18:29:37.473 Input peaks = -12, 11
18:29:57.490 Input peaks = -11, 10
18:30:06.772 [obCommand Trace FROM host: C:STATE
18:30:17.513 Input peaks = -11, 10
18:30:37.530 Input peaks = -10, 11
18:30:57.555 Input peaks = -11, 11
18:31:12.725 [obCommand Trace FROM host: C:STATE
18:31:17.577 Input peaks = -12, 11
18:31:37.590 Input peaks = -11, 11
18:31:57.610 Input peaks = -11, 12
18:32:17.630 Input peaks = -11, 10
18:32:18.637 [obCommand Trace FROM host: C:STATE
18:32:37.654 Input peaks = -10, 10
18:32:57.670 Input peaks = -11, 10
18:33:17.688 Input peaks = -11, 10
18:33:24.516 [obCommand Trace FROM host: C:STATE
18:33:37.709 Input peaks = -11, 11
18:33:57.731 Input peaks = -11, 11
18:34:17.746 Input peaks = -11, 10
18:34:30.434 [obCommand Trace FROM host: C:STATE
18:34:37.773 Input peaks = -12, 10
18:34:57.787 Input peaks = -11, 10
18:35:17.811 Input peaks = -12, 11
18:35:36.406 [obCommand Trace FROM host: C:STATE
18:35:37.827 Input peaks = -13, 11
18:35:57.852 Input peaks = -12, 12
18:36:17.873 Input peaks = -11, 11
18:36:37.888 Input peaks = -11, 11
18:36:42.339 [obCommand Trace FROM host: C:STATE
18:36:57.908 Input peaks = -11, 11
18:37:11.918 [obCommand Trace FROM host: C:SENDID
18:37:11.918 Sending Frame Type IDFrame
18:37:11.918 Command to Host PTT TRUE
18:37:11.918 [Main.KeyPTT]  PTT-TRUE
18:37:13.647 Command to Host PTT FALSE
18:37:13.647 [Main.KeyPTT]  PTT-FALSE
18:37:17.930 Input peaks = -32768, 32767
18:37:21.916 [obCommand Trace FROM host: C:LISTEN TRUE
18:37:22.134 [obCommand Trace FROM host: C:SENDID
18:37:22.134 Sending Frame Type IDFrame
18:37:22.134 Command to Host PTT TRUE
18:37:22.134 [Main.KeyPTT]  PTT-TRUE
18:37:23.871 Command to Host PTT FALSE
18:37:23.871 [Main.KeyPTT]  PTT-FALSE
18:37:37.947 Input peaks = -32768, 32767
18:37:48.193 [obCommand Trace FROM host: C:STATE
18:37:57.967 Input peaks = -10, 11
18:38:17.986 Input peaks = -10, 12
18:38:38.011 Input peaks = -12, 11
18:38:54.073 [obCommand Trace FROM host: C:STATE
18:38:58.024 Input peaks = -12, 10
18:39:18.046 Input peaks = -12, 10
18:39:38.149 Input peaks = -10, 10
18:39:52.926 Fine Search S:N= 10.717873 dB, Early S:N= 9.519480 dblAvgNoisePerBin 15699.241211 
18:39:52.926  SPL Left= -0.025446  SPL Right= 0.327446, Offset 0.000000, LeftMag 29.340084 RightMag 56.839058
18:39:55.165 Fine Search S:N= 11.616839 dB, Early S:N= 6.852381 dblAvgNoisePerBin 32434.867188 
18:39:55.165  SPL Left= 0.035478  SPL Right= 0.175898, Offset -26.530741, LeftMag 83.204231 RightMag 64.242867
18:39:58.163 Input peaks = -32768, 32767
18:40:00.239 [obCommand Trace FROM host: C:STATE
18:40:18.188 Input peaks = -11, 11
18:40:38.205 Input peaks = -11, 10
18:40:58.227 Input peaks = -11, 12
18:41:06.612 [obCommand Trace FROM host: C:STATE
18:41:18.409 Input peaks = -11, 11
18:41:38.486 Input peaks = -11, 11
18:41:58.500 Input peaks = -11, 11
18:42:12.937 [obCommand Trace FROM host: C:STATE
18:42:18.519 Input peaks = -11, 11
18:42:38.546 Input peaks = -11, 11
18:42:58.566 Input peaks = -12, 11
18:43:18.579 Input peaks = -11, 10
18:43:18.909 [obCommand Trace FROM host: C:STATE
18:43:38.598 Input peaks = -11, 11
18:43:58.623 Input peaks = -11, 10
18:44:18.643 Input peaks = -11, 11
18:44:24.855 [obCommand Trace FROM host: C:STATE
18:44:38.663 Input peaks = -11, 10
18:44:58.677 Input peaks = -10, 10
18:45:18.701 Input peaks = -11, 11
18:45:30.819 [obCommand Trace FROM host: C:STATE
18:45:38.720 Input peaks = -12, 12
18:45:58.742 Input peaks = -10, 11
18:46:18.759 Input peaks = -9880, 9704
18:46:36.698 [obCommand Trace FROM host: C:STATE
18:46:38.784 Input peaks = -12, 11
18:46:58.800 Input peaks = -10, 11
18:47:18.820 Input peaks = -11, 11
18:47:38.845 Input peaks = -10, 11
18:47:42.748 [obCommand Trace FROM host: C:STATE
18:47:58.859 Input peaks = -1814, 1680
18:48:18.897 Input peaks = -11, 11
18:48:39.074 Input peaks = -10, 11
18:48:49.118 [obCommand Trace FROM host: C:STATE
18:48:59.091 Input peaks = -12, 10
18:49:19.110 Input peaks = -10, 12
18:49:39.135 Input peaks = -11, 11
18:49:54.986 [obCommand Trace FROM host: C:STATE
18:49:59.157 Input peaks = -10, 11
18:50:19.172 Input peaks = -11, 10
18:50:39.198 Input peaks = -13, 10
18:50:59.217 Input peaks = -11, 10
18:51:00.880 [obCommand Trace FROM host: C:STATE
18:51:19.233 Input peaks = -12, 10
18:51:39.250 Input peaks = -11, 12
18:51:59.276 Input peaks = -11, 11
18:52:06.912 [obCommand Trace FROM host: C:STATE
18:52:19.290 Input peaks = -11, 11
18:52:39.315 Input peaks = -10, 10
18:52:59.331 Input peaks = -10, 11
18:53:12.859 [obCommand Trace FROM host: C:STATE
18:53:19.350 Input peaks = -11, 11
18:53:39.370 Input peaks = -11, 13
18:53:59.393 Input peaks = -10, 11
18:54:18.906 [obCommand Trace FROM host: C:STATE
18:54:19.413 Input peaks = -12, 10
18:54:39.433 Input peaks = -11, 11
18:54:59.453 Input peaks = -12, 11
18:55:19.469 Input peaks = -12, 11
18:55:24.855 [obCommand Trace FROM host: C:STATE
18:55:39.486 Input peaks = -12, 11
18:55:59.507 Input peaks = -10, 11
18:56:19.528 Input peaks = -9928, 9714
18:56:30.826 [obCommand Trace FROM host: C:STATE
18:56:39.575 Input peaks = -11, 11
18:56:59.592 Input peaks = -12, 11
18:57:19.616 Input peaks = -11, 11
18:57:36.758 [obCommand Trace FROM host: C:STATE
18:57:39.628 Input peaks = -11, 10
18:57:59.646 Input peaks = -12, 10
18:58:19.677 Input peaks = -11, 11
18:58:39.692 Input peaks = -11, 11
18:58:42.668 [obCommand Trace FROM host: C:STATE
18:58:59.712 Input peaks = -10, 11
18:59:19.734 Input peaks = -11, 11
18:59:39.750 Input peaks = -11, 11
18:59:48.575 [obCommand Trace FROM host: C:STATE
19:00:00.006 Input peaks = -10, 11
19:00:20.027 Input peaks = -11, 11
19:00:40.042 Input peaks = -11, 10
19:00:54.844 [obCommand Trace FROM host: C:STATE
19:01:00.061 Input peaks = -11, 10
19:01:20.081 Input peaks = -10, 10
19:01:40.105 Input peaks = -11, 10
19:02:00.116 Input peaks = -10, 11
19:02:00.810 [obCommand Trace FROM host: C:STATE
19:02:20.142 Input peaks = -11, 10
19:02:40.160 Input peaks = -10, 11
19:03:00.178 Input peaks = -11, 10
19:03:06.746 [obCommand Trace FROM host: C:STATE
19:03:20.201 Input peaks = -11, 11
19:03:40.217 Input peaks = -11, 10
19:04:00.244 Input peaks = -12, 11
19:04:13.213 [obCommand Trace FROM host: C:STATE
19:04:20.295 Input peaks = -11, 11
19:04:40.308 Input peaks = -11, 11
19:05:00.331 Input peaks = -12, 11
19:05:19.195 [obCommand Trace FROM host: C:STATE
19:05:20.345 Input peaks = -12, 12
19:05:40.401 Input peaks = -13, 10
19:06:00.425 Input peaks = -10, 10
19:06:20.436 Input peaks = -1796, 1915
19:06:25.340 [obCommand Trace FROM host: C:STATE
19:06:40.515 Input peaks = -9933, 9695
19:07:00.532 Input peaks = -11, 10
19:07:20.545 Input peaks = -10, 10
19:07:31.643 [obCommand Trace FROM host: C:STATE
19:07:40.572 Input peaks = -12, 11
19:08:00.590 Input peaks = -12, 10
19:08:20.608 Input peaks = -11, 12
19:08:37.928 [obCommand Trace FROM host: C:STATE
19:08:40.631 Input peaks = -10, 10
19:09:00.650 Input peaks = -11, 10
19:09:20.761 Input peaks = -11, 11
19:09:41.214 Input peaks = -10, 11
19:09:45.132 [obCommand Trace FROM host: C:STATE
19:10:01.230 Input peaks = -11, 10
19:10:21.251 Input peaks = -11, 10
19:10:41.268 Input peaks = -11, 13
19:10:51.161 [obCommand Trace FROM host: C:STATE
19:11:01.289 Input peaks = -11, 10
19:11:21.306 Input peaks = -11, 10
19:11:41.330 Input peaks = -12, 10
19:11:57.007 [obCommand Trace FROM host: C:STATE
19:12:01.354 Input peaks = -10, 11
19:12:21.374 Input peaks = -11, 10
19:12:41.384 Input peaks = -11, 10
19:13:01.426 Input peaks = -11, 10
19:13:02.849 [obCommand Trace FROM host: C:STATE
19:13:21.450 Input peaks = -11, 11
19:13:41.471 Input peaks = -11, 11
19:14:01.493 Input peaks = -12, 10
19:14:08.903 [obCommand Trace FROM host: C:STATE
19:14:21.512 Input peaks = -11, 10
19:14:41.531 Input peaks = -10, 12
19:15:01.546 Input peaks = -32768, 32767
19:15:15.031 [obCommand Trace FROM host: C:STATE
19:15:21.566 Input peaks = -11, 10
19:15:41.592 Input peaks = -11, 11
19:16:01.610 Input peaks = -11, 11
19:16:21.267 [obCommand Trace FROM host: C:STATE
19:16:21.632 Input peaks = -11, 11
19:16:41.646 Input peaks = -13, 11
19:17:01.672 Input peaks = -11, 10
19:17:21.686 Input peaks = -10, 10
19:17:27.257 [obCommand Trace FROM host: C:STATE
19:17:41.706 Input peaks = -11, 12
19:18:01.725 Input peaks = -10, 10
19:18:21.748 Input peaks = -12, 11
19:18:33.224 [obCommand Trace FROM host: C:STATE
19:18:41.770 Input peaks = -11, 10
19:19:01.790 Input peaks = -10, 10
19:19:21.801 Input peaks = -12, 11
19:19:39.207 [obCommand Trace FROM host: C:STATE
19:19:41.820 Input peaks = -11, 12
19:20:01.846 Input peaks = -18465, 15680
19:20:21.861 Input peaks = -11, 11
19:20:41.884 Input peaks = -11, 10
19:20:45.183 [obCommand Trace FROM host: C:STATE
19:21:01.908 Input peaks = -11, 10
19:21:21.927 Input peaks = -11, 12
19:21:41.940 Input peaks = -9934, 9696
19:21:51.245 [obCommand Trace FROM host: C:STATE
19:22:01.963 Input peaks = -17126, 14366
19:22:21.981 Input peaks = -12, 12
19:22:42.000 Input peaks = -10, 10
19:22:57.180 [obCommand Trace FROM host: C:STATE
19:23:02.020 Input peaks = -11, 10
19:23:22.044 Input peaks = -18398, 15750
19:23:42.065 Input peaks = -12, 11
19:24:02.081 Input peaks = -10, 10
19:24:03.339 [obCommand Trace FROM host: C:STATE
19:24:22.100 Input peaks = -11, 10
19:24:42.116 Input peaks = -11, 10
19:25:02.137 Input peaks = -11, 10
19:25:09.316 [obCommand Trace FROM host: C:STATE
19:25:22.165 Input peaks = -10, 11
19:25:42.175 Input peaks = -10, 10
19:26:02.194 Input peaks = -10, 10
19:26:15.480 [obCommand Trace FROM host: C:STATE
19:26:22.215 Input peaks = -12, 11
19:26:42.236 Input peaks = -11, 11
19:27:02.254 Input peaks = -11, 12
19:27:21.539 [obCommand Trace FROM host: C:STATE
19:27:22.276 Input peaks = -11, 10
19:27:42.301 Input peaks = -10, 11
19:28:02.321 Input peaks = -11, 11
19:28:22.333 Input peaks = -11, 11
19:28:27.436 [obCommand Trace FROM host: C:STATE
19:28:42.355 Input peaks = -11, 10
19:29:02.379 Input peaks = -11, 10
19:29:22.397 Input peaks = -10, 10
19:29:33.409 [obCommand Trace FROM host: C:STATE
19:29:42.415 Input peaks = -12, 10
19:30:02.430 Input peaks = -10, 11
19:30:22.457 Input peaks = -12, 10
19:30:39.813 [obCommand Trace FROM host: C:STATE
19:30:42.489 Input peaks = -10, 12
19:31:02.500 Input peaks = -11, 12
19:31:22.526 Input peaks = -12, 10
19:31:42.547 Input peaks = -12, 10
19:31:45.763 [obCommand Trace FROM host: C:STATE
19:32:02.569 Input peaks = -12, 10
19:32:22.583 Input peaks = -12, 11
19:32:42.604 Input peaks = -11, 10
19:32:52.296 [obCommand Trace FROM host: C:STATE
19:33:02.625 Input peaks = -11, 11
19:33:22.647 Input peaks = -10, 11
19:33:42.663 Input peaks = -11, 11
19:33:58.315 [obCommand Trace FROM host: C:STATE
19:34:02.679 Input peaks = -12, 11
19:34:22.704 Input peaks = -11, 10
19:34:42.732 Input peaks = -12, 11
19:35:02.751 Input peaks = -11, 12
19:35:04.250 [obCommand Trace FROM host: C:STATE
19:35:22.775 Input peaks = -11, 11
19:35:42.792 Input peaks = -11, 10
19:36:02.808 Input peaks = -11, 10
19:36:10.194 [obCommand Trace FROM host: C:STATE
19:36:22.834 Input peaks = -11, 11
19:36:42.848 Input peaks = -11, 11
19:37:02.873 Input peaks = -10, 10
19:37:16.084 [obCommand Trace FROM host: C:STATE
19:37:22.888 Input peaks = -11, 10
19:37:42.915 Input peaks = -10, 9
19:38:02.930 Input peaks = -12, 13
19:38:21.950 [obCommand Trace FROM host: C:STATE
19:38:22.946 Input peaks = -10, 12
19:38:42.968 Input peaks = -11, 10
19:39:02.989 Input peaks = -10, 11
19:39:23.011 Input peaks = -10, 11
19:39:27.821 [obCommand Trace FROM host: C:STATE
19:39:43.031 Input peaks = -10, 11
19:40:03.049 Input peaks = -11, 10
19:40:23.071 Input peaks = -11, 11
19:40:33.711 [obCommand Trace FROM host: C:STATE
19:40:43.088 Input peaks = -11, 11
19:41:03.108 Input peaks = -11, 10
19:41:23.127 Input peaks = -11, 11
19:41:39.591 [obCommand Trace FROM host: C:STATE
19:41:43.152 Input peaks = -11, 10
19:42:03.162 Input peaks = -11, 12
19:42:23.188 Input peaks = -9900, 9665
19:42:43.210 Input peaks = -6335, 6215
19:42:45.515 [obCommand Trace FROM host: C:STATE
19:43:03.256 Input peaks = -11, 11
19:43:23.272 Input peaks = -11, 10
19:43:43.295 Input peaks = -11, 11
19:43:51.554 [obCommand Trace FROM host: C:STATE
19:44:03.315 Input peaks = -11, 10
19:44:23.338 Input peaks = -11, 10
19:44:43.349 Input peaks = -12, 10
19:44:57.490 [obCommand Trace FROM host: C:STATE
19:45:03.375 Input peaks = -11, 11
19:45:23.391 Input peaks = -11, 11
19:45:43.408 Input peaks = -12, 11
19:46:03.439 Input peaks = -11, 11
19:46:03.484 [obCommand Trace FROM host: C:STATE
19:46:23.463 Input peaks = -11, 10
19:46:43.477 Input peaks = -10, 9
19:47:03.497 Input peaks = -11, 10
19:47:09.363 [obCommand Trace FROM host: C:STATE
19:47:23.517 Input peaks = -11, 10
19:47:43.539 Input peaks = -11, 11
19:48:03.559 Input peaks = -11, 11
19:48:15.460 [obCommand Trace FROM host: C:STATE
19:48:23.575 Input peaks = -11, 10
19:48:43.596 Input peaks = -11, 10
19:49:03.620 Input peaks = -10, 11
19:49:21.552 [obCommand Trace FROM host: C:STATE
19:49:23.631 Input peaks = -11, 10
19:49:43.651 Input peaks = -12, 10
19:50:03.678 Input peaks = -10, 11
19:50:23.696 Input peaks = -10, 11
19:50:27.529 [obCommand Trace FROM host: C:STATE
19:50:43.714 Input peaks = -10, 10
19:51:03.738 Input peaks = -10, 11
19:51:23.758 Input peaks = -11, 11
19:51:33.505 [obCommand Trace FROM host: C:STATE
19:51:43.771 Input peaks = -11, 11
19:52:03.795 Input peaks = -10, 10
19:52:23.816 Input peaks = -13, 11
19:52:39.439 [obCommand Trace FROM host: C:STATE
19:52:43.832 Input peaks = -9896, 9665
19:53:03.852 Input peaks = -960, 993
19:53:23.873 Input peaks = -10, 11
19:53:43.893 Input peaks = -11, 12
19:53:45.354 [obCommand Trace FROM host: C:STATE
19:54:03.911 Input peaks = -11, 12
19:54:23.932 Input peaks = -10, 11
19:54:43.950 Input peaks = -12, 11
19:54:51.294 [obCommand Trace FROM host: C:STATE
19:55:03.973 Input peaks = -12, 11
19:55:23.988 Input peaks = -11, 10
19:55:44.014 Input peaks = -11, 12
19:55:57.317 [obCommand Trace FROM host: C:STATE
19:56:04.045 Input peaks = -11, 10
19:56:24.067 Input peaks = -9875, 9701
19:56:44.084 Input peaks = -11, 10
19:57:03.281 [obCommand Trace FROM host: C:STATE
19:57:04.102 Input peaks = -11, 11
19:57:24.120 Input peaks = -11, 12
19:57:44.309 Input peaks = -11, 10
19:58:04.330 Input peaks = -11, 11
19:58:09.705 [obCommand Trace FROM host: C:STATE
19:58:24.341 Input peaks = -14, 11
19:58:44.361 Input peaks = -11, 11
19:59:04.381 Input peaks = -11, 11
19:59:15.635 [obCommand Trace FROM host: C:STATE
19:59:24.405 Input peaks = -11, 11
19:59:44.428 Input peaks = -11, 11
20:00:04.445 Input peaks = -11, 12
20:00:21.627 [obCommand Trace FROM host: C:STATE
20:00:24.465 Input peaks = -11, 10
20:00:44.485 Input peaks = -10, 10
20:01:04.506 Input peaks = -11, 11
20:01:24.523 Input peaks = -11, 11
20:01:27.570 [obCommand Trace FROM host: C:STATE
20:01:45.167 Input peaks = -10, 10
20:02:05.205 Input peaks = -12, 11
20:02:25.231 Input peaks = -11, 13
20:02:34.846 [obCommand Trace FROM host: C:STATE
20:02:45.249 Input peaks = -10, 11
20:03:05.266 Input peaks = -11, 10
20:03:25.289 Input peaks = -12, 11
20:03:40.793 [obCommand Trace FROM host: C:STATE
20:03:45.305 Input peaks = -11, 11
20:04:05.326 Input peaks = -12, 11
20:04:25.348 Input peaks = -11, 10
20:04:45.368 Input peaks = -12, 10
20:04:46.861 [obCommand Trace FROM host: C:STATE
20:05:05.388 Input peaks = -11, 11
20:05:25.405 Input peaks = -11, 12
20:05:45.423 Input peaks = -12, 10
20:05:52.777 [obCommand Trace FROM host: C:STATE
20:06:05.448 Input peaks = -11, 11
20:06:25.469 Input peaks = -1796, 1916
20:06:45.480 Input peaks = -11, 11
20:06:58.914 [obCommand Trace FROM host: C:STATE
20:07:05.500 Input peaks = -11, 11
20:07:25.526 Input peaks = -11, 12
20:07:45.543 Input peaks = -11, 10
20:08:04.786 [obCommand Trace FROM host: C:STATE
20:08:05.567 Input peaks = -11, 11
20:08:25.587 Input peaks = -11, 11
20:08:45.599 Input peaks = -11, 11
20:09:05.620 Input peaks = -12, 10
20:09:10.654 [obCommand Trace FROM host: C:STATE
20:09:25.642 Input peaks = -11, 11
20:09:45.775 Input peaks = -25073, 19208
20:10:06.096 Input peaks = -1817, 1748
20:10:18.396 [obCommand Trace FROM host: C:STATE
20:10:26.122 Input peaks = -1819, 1744
20:10:46.141 Input peaks = -10, 9
20:11:06.154 Input peaks = -1724, 1958
20:11:25.067 [obCommand Trace FROM host: C:STATE
20:11:26.174 Input peaks = -11, 10
20:11:46.195 Input peaks = -11, 10
20:12:06.221 Input peaks = -11, 10
20:12:26.241 Input peaks = -11, 12
20:12:31.200 [obCommand Trace FROM host: C:STATE
20:12:46.255 Input peaks = -11, 11
20:13:06.278 Input peaks = -11, 10
20:13:26.294 Input peaks = -10, 10
20:13:37.453 [obCommand Trace FROM host: C:STATE
20:13:46.316 Input peaks = -11, 11
20:14:06.338 Input peaks = -11, 11
20:14:26.359 Input peaks = -11, 11
20:14:44.217 [obCommand Trace FROM host: C:STATE
20:14:46.375 Input peaks = -11, 10
20:15:06.396 Input peaks = -11, 10
20:15:26.415 Input peaks = -11, 11
20:15:46.435 Input peaks = -12, 12
20:15:52.906 [obCommand Trace FROM host: C:STATE
20:16:06.458 Input peaks = -11, 10
20:16:26.478 Input peaks = -11, 11
20:16:46.498 Input peaks = -11, 11
20:16:59.482 [obCommand Trace FROM host: C:STATE
20:17:06.516 Input peaks = -11, 10
20:17:26.536 Input peaks = -13, 11
20:17:46.548 Input peaks = -10, 11
20:18:05.739 [obCommand Trace FROM host: C:STATE
20:18:06.569 Input peaks = -11, 10
20:18:26.596 Input peaks = -10, 11
20:18:46.613 Input peaks = -11, 10
20:19:06.636 Input peaks = -12, 11
20:19:11.653 [obCommand Trace FROM host: C:STATE
20:19:26.660 Input peaks = -11, 11
20:19:46.685 Input peaks = -12, 10
20:20:06.703 Input peaks = -12, 11
20:20:17.900 [obCommand Trace FROM host: C:STATE
20:20:26.718 Input peaks = -12, 11
20:20:46.748 Input peaks = -10, 11
20:21:06.764 Input peaks = -11, 10
20:21:24.790 [obCommand Trace FROM host: C:STATE
20:21:26.780 Input peaks = -11, 11
20:21:46.797 Input peaks = -11, 11
20:22:06.824 Input peaks = -11, 10
20:22:26.839 Input peaks = -12, 10
20:22:32.654 [obCommand Trace FROM host: C:STATE
20:22:46.864 Input peaks = -10, 12
20:23:06.881 Input peaks = -11, 10
20:23:26.898 Input peaks = -12, 10
20:23:41.228 [obCommand Trace FROM host: C:STATE
20:23:46.922 Input peaks = -11, 10
20:24:06.938 Input peaks = -11, 10
20:24:26.963 Input peaks = -13, 11
20:24:46.980 Input peaks = -11, 11
20:24:47.482 [obCommand Trace FROM host: C:STATE
20:25:07.002 Input peaks = -10, 10
20:25:27.020 Input peaks = -11, 10
20:25:47.035 Input peaks = -12, 10
20:25:53.675 [obCommand Trace FROM host: C:STATE
20:26:07.060 Input peaks = -12, 10
20:26:27.081 Input peaks = -11, 10
20:26:47.100 Input peaks = -13, 10
20:26:59.995 [obCommand Trace FROM host: C:STATE
20:27:07.116 Input peaks = -11, 11
20:27:27.139 Input peaks = -10, 11
20:27:47.159 Input peaks = -11, 11
20:28:06.198 [obCommand Trace FROM host: C:STATE
20:28:07.181 Input peaks = -10, 10
20:28:27.198 Input peaks = -11, 11
20:28:47.216 Input peaks = -11, 11
20:29:07.236 Input peaks = -11, 10
20:29:12.201 [obCommand Trace FROM host: C:STATE
20:29:27.257 Input peaks = -11, 10
20:29:47.274 Input peaks = -10, 11
20:30:07.301 Input peaks = -10, 11
20:30:18.198 [obCommand Trace FROM host: C:STATE
20:30:27.319 Input peaks = -11, 10
20:30:47.332 Input peaks = -11, 11
20:31:07.353 Input peaks = -11, 10
20:31:24.276 [obCommand Trace FROM host: C:STATE
20:31:27.380 Input peaks = -11, 12
20:31:47.397 Input peaks = -11, 11
20:32:07.420 Input peaks = -11, 10
20:32:27.431 Input peaks = -10, 10
20:32:30.272 [obCommand Trace FROM host: C:STATE
20:32:47.451 Input peaks = -10, 11
20:33:07.475 Input peaks = -11, 11
20:33:27.493 Input peaks = -11, 10
20:33:36.195 [obCommand Trace FROM host: C:STATE
20:33:47.515 Input peaks = -12, 11
20:34:07.536 Input peaks = -11, 10
20:34:27.552 Input peaks = -11, 12
20:34:42.074 [obCommand Trace FROM host: C:STATE
20:34:47.570 Input peaks = -11, 11
20:35:07.597 Input peaks = -12, 10
20:35:27.613 Input peaks = -11, 11
20:35:47.632 Input peaks = -12, 11
20:35:47.969 [obCommand Trace FROM host: C:STATE
20:36:07.650 Input peaks = -11, 11
20:36:27.677 Input peaks = -11, 10
20:36:47.689 Input peaks = -10, 11
20:36:53.828 [obCommand Trace FROM host: C:STATE
20:37:07.710 Input peaks = -11, 10
20:37:27.735 Input peaks = -11, 11
20:37:47.750 Input peaks = -11, 11
20:37:59.785 [obCommand Trace FROM host: C:STATE
20:38:07.776 Input peaks = -11, 11
20:38:27.791 Input peaks = -11, 12
20:38:47.811 Input peaks = -11, 11
20:39:05.684 [obCommand Trace FROM host: C:STATE
20:39:07.826 Input peaks = -10, 12
20:39:27.847 Input peaks = -10, 10
20:39:47.869 Input peaks = -11, 11
20:40:07.887 Input peaks = -11, 12
20:40:11.533 [obCommand Trace FROM host: C:STATE
20:40:27.913 Input peaks = -10, 11
20:40:47.926 Input peaks = -10, 11
20:41:07.948 Input peaks = -10, 11
20:41:17.442 [obCommand Trace FROM host: C:STATE
20:41:27.968 Input peaks = -12, 12
20:41:47.988 Input peaks = -18837, 20711
20:42:08.005 Input peaks = -12, 10
20:42:23.701 [obCommand Trace FROM host: C:STATE
20:42:28.027 Input peaks = -10, 12
20:42:48.138 Input peaks = -10, 10
20:43:08.229 Input peaks = -12, 10
20:43:28.246 Input peaks = -11, 11
20:43:32.341 [obCommand Trace FROM host: C:STATE
20:43:48.262 Input peaks = -11, 10
20:44:08.434 Input peaks = -10, 10
20:44:28.457 Input peaks = -11, 11
20:44:48.479 Input peaks = -10, 11
20:44:52.684 [obCommand Trace FROM host: C:STATE
20:45:08.493 Input peaks = -10, 10
20:45:28.516 Input peaks = -10, 9
20:45:48.538 Input peaks = -11, 10
20:45:59.443 [obCommand Trace FROM host: C:STATE
20:46:08.563 Input peaks = -11, 11
20:46:28.572 Input peaks = -12, 10
20:46:48.598 Input peaks = -11, 11
20:47:05.757 [obCommand Trace FROM host: C:STATE
20:47:08.615 Input peaks = -10, 10
20:47:28.637 Input peaks = -10, 10
20:47:48.656 Input peaks = -10, 10
20:48:08.679 Input peaks = -10, 10
20:48:13.434 [obCommand Trace FROM host: C:STATE
20:48:28.699 Input peaks = -10, 10
20:48:48.792 Input peaks = -11, 10
20:49:08.810 Input peaks = -11, 11
20:49:20.625 [obCommand Trace FROM host: C:STATE
20:49:28.831 Input peaks = -13, 12
20:49:48.850 Input peaks = -11, 11
20:50:08.871 Input peaks = -13, 11
20:50:26.548 [obCommand Trace FROM host: C:STATE
20:50:28.890 Input peaks = -10, 10
20:50:48.916 Input peaks = -11, 10
20:51:08.933 Input peaks = -11, 10
20:51:28.956 Input peaks = -11, 10
20:51:32.456 [obCommand Trace FROM host: C:STATE
20:51:48.975 Input peaks = -12, 11
20:52:08.987 Input peaks = -10, 10
20:52:29.136 Input peaks = -11, 11
20:52:44.191 [obCommand Trace FROM host: C:STATE
20:52:49.171 Input peaks = -11, 10
20:53:09.172 Input peaks = -13, 12
20:53:29.192 Input peaks = -11, 11
20:53:49.213 Input peaks = -11, 10
20:53:51.435 [obCommand Trace FROM host: C:STATE
20:54:09.233 Input peaks = -12, 12
20:54:29.251 Input peaks = -11, 11
20:54:49.271 Input peaks = -11, 10
20:54:57.616 [obCommand Trace FROM host: C:STATE
20:55:09.290 Input peaks = -10, 13
20:55:29.311 Input peaks = -10, 11
20:55:49.330 Input peaks = -10, 11
20:56:03.627 [obCommand Trace FROM host: C:STATE
20:56:09.352 Input peaks = -11, 11
20:56:29.371 Input peaks = -12, 10
20:56:49.392 Input peaks = -11, 11
20:57:09.413 Input peaks = -10, 11
20:57:09.578 [obCommand Trace FROM host: C:STATE
20:57:29.438 Input peaks = -12, 10
20:57:49.448 Input peaks = -10, 10
20:58:09.544 Input peaks = -11, 10
20:58:15.815 [obCommand Trace FROM host: C:STATE
20:58:29.563 Input peaks = -12, 11
20:58:49.591 Input peaks = -11, 10
20:59:09.607 Input peaks = -10, 11
20:59:22.153 [obCommand Trace FROM host: C:STATE
20:59:29.625 Input peaks = -12, 10
20:59:49.645 Input peaks = -11, 10
21:00:09.664 Input peaks = -11, 11
21:00:28.402 [obCommand Trace FROM host: C:STATE
21:00:29.684 Input peaks = -11, 11
21:00:49.703 Input peaks = -11, 10
21:01:09.721 Input peaks = -12, 10
21:01:29.749 Input peaks = -11, 12
21:01:34.629 [obCommand Trace FROM host: C:STATE
21:01:49.766 Input peaks = -18811, 20656
21:02:09.785 Input peaks = -12, 10
21:02:29.808 Input peaks = -10, 10
21:02:40.558 [obCommand Trace FROM host: C:STATE
21:02:49.826 Input peaks = -10, 10
21:03:09.838 Input peaks = -10, 10
21:03:29.867 Input peaks = -10, 11
21:03:46.509 [obCommand Trace FROM host: C:STATE
21:03:49.879 Input peaks = -10, 10
21:04:09.899 Input peaks = -18839, 20709
21:04:29.920 Input peaks = -10, 11
21:04:49.941 Input peaks = -11, 11
21:04:53.187 [obCommand Trace FROM host: C:STATE
21:05:09.958 Input peaks = -11, 11
21:05:30.026 Input peaks = -11, 10
21:05:50.052 Input peaks = -11, 11
21:06:02.819 [obCommand Trace FROM host: C:STATE
21:06:10.070 Input peaks = -10, 11
21:06:30.085 Input peaks = -11, 11
21:06:50.104 Input peaks = -10, 12
21:07:10.125 Input peaks = -11, 12
21:07:21.928 [obCommand Trace FROM host: C:STATE
21:07:30.147 Input peaks = -12, 10
21:07:50.169 Input peaks = -11, 11
21:08:10.191 Input peaks = -18812, 20667
21:08:30.253 Input peaks = -12, 10
21:08:34.920 [obCommand Trace FROM host: C:STATE
21:08:50.274 Input peaks = -10, 10
21:09:10.300 Input peaks = -11, 12
21:09:30.318 Input peaks = -18844, 20716
21:09:41.933 [obCommand Trace FROM host: C:STATE
21:09:50.341 Input peaks = -13, 11
21:10:10.360 Input peaks = -10, 10
21:10:30.378 Input peaks = -11, 11
21:10:50.399 Input peaks = -11, 11
21:10:59.423 [obCommand Trace FROM host: C:STATE
21:11:10.412 Input peaks = -11, 10
21:11:30.436 Input peaks = -13, 10
21:11:50.452 Input peaks = -10, 11
21:12:05.539 [obCommand Trace FROM host: C:STATE
21:12:10.474 Input peaks = -11, 11
21:12:30.499 Input peaks = -12, 10
21:12:50.517 Input peaks = -11, 11
21:13:10.539 Input peaks = -10, 10
21:13:11.732 [obCommand Trace FROM host: C:STATE
21:13:30.967 Input peaks = -10, 12
21:13:50.983 Input peaks = -11, 10
21:14:11.007 Input peaks = -10, 10
21:14:27.537 [obCommand Trace FROM host: C:STATE
21:14:31.024 Input peaks = -11, 10
21:14:51.043 Input peaks = -10, 11
21:15:11.063 Input peaks = -11, 10
21:15:31.088 Input peaks = -18392, 15740
21:15:34.554 [obCommand Trace FROM host: C:STATE
21:15:51.116 Input peaks = -11, 10
21:16:11.129 Input peaks = -13, 11
21:16:31.154 Input peaks = -12, 10
21:16:40.579 [obCommand Trace FROM host: C:STATE
21:16:51.177 Input peaks = -11, 11
21:17:11.190 Input peaks = -11, 10
21:17:31.