10:04:53.176
************************* ARQ session stats with GM8BPQ-10  1 minutes ****************************
     LeaderDetects= 25   AvgLeader S+N:N(3KHz noise BW)= 42.272159 dB  LeaderSyncs= 25
     AvgCorrelationMax:MaxProd= 0.000000 over 0  correlations
     FrameSyncs=24  Good Frame Type Decodes=24  Failed Frame Type Decodes =0
     Avg Frame Type decode distance= 0.142520 over 21 decodes
 
  FSK:
     Good FSK Data Frame Decodes= 1  RecoveredFSKCarriers with Summation=0  Failed FSK Data Frame Decodes=0
     AccumFSKTracking= 0   over 1348 symbols   Good Data Frame Decodes= 1   Failed Data Frame Decodes=0
  Squelch= 5 BusyDet= 5 Mode Shift UPs= 1   Mode Shift DOWNs= 0  Link Turnovers= 3
 
  Received Frame Quality:
     Avg 4FSK Quality=93 on 18 frame(s)
************************************************************************************************
11:15:45.614
************************* ARQ session stats with GM8BPQ-10  2 minutes ****************************
     LeaderDetects= 31   AvgLeader S+N:N(3KHz noise BW)= 2.022483 dB  LeaderSyncs= 31
     AvgCorrelationMax:MaxProd= 0.000000 over 0  correlations
     FrameSyncs=31  Good Frame Type Decodes=31  Failed Frame Type Decodes =0
     Avg Frame Type decode distance= 0.000000 over 0 decodes
 
  FSK:
     Good FSK Data Frame Decodes= 1  RecoveredFSKCarriers with Summation=0  Failed FSK Data Frame Decodes=0
     AccumFSKTracking= 0   over 20 symbols   Good Data Frame Decodes= 1   Failed Data Frame Decodes=0
  Squelch= 5 BusyDet= 5 Mode Shift UPs= 0   Mode Shift DOWNs= 0  Link Turnovers= 0
 
  Received Frame Quality:
     Avg 4FSK Quality=57 on 1 frame(s)
************************************************************************************************
11:19:11.765
************************* ARQ session stats with GM8BPQ-10  1 minutes ****************************
     LeaderDetects= 32   AvgLeader S+N:N(3KHz noise BW)= 6.496881 dB  LeaderSyncs= 32
     AvgCorrelationMax:MaxProd= 60.126621 over 32  correlations
     FrameSyncs=31  Good Frame Type Decodes=26  Failed Frame Type Decodes =5
     Avg Frame Type decode distance= 0.081110 over 28 decodes
 
  FSK:
     Good FSK Data Frame Decodes= 4  RecoveredFSKCarriers with Summation=0  Failed FSK Data Frame Decodes=0
     AccumFSKTracking= 0   over 1348 symbols   Good Data Frame Decodes= 4   Failed Data Frame Decodes=0
  Squelch= 5 BusyDet= 5 Mode Shift UPs= 3   Mode Shift DOWNs= 0  Link Turnovers= 4
 
  Received Frame Quality:
     Avg 4FSK Quality=93 on 26 frame(s)
************************************************************************************************
11:28:21.226
************************* ARQ session stats with GM8BPQ-10  0 minutes ****************************
     LeaderDetects= 13   AvgLeader S+N:N(3KHz noise BW)= 9.252521 dB  LeaderSyncs= 13
     AvgCorrelationMax:MaxProd= 60.129757 over 13  correlations
     FrameSyncs=13  Good Frame Type Decodes=11  Failed Frame Type Decodes =2
     Avg Frame Type decode distance= 0.001587 over 9 decodes
 
  FSK:
     Good FSK Data Frame Decodes= 4  RecoveredFSKCarriers with Summation=0  Failed FSK Data Frame Decodes=0
     AccumFSKTracking= 0   over 1348 symbols   Good Data Frame Decodes= 4   Failed Data Frame Decodes=0
  Squelch= 5 BusyDet= 5 Mode Shift UPs= 0   Mode Shift DOWNs= 0  Link Turnovers= 1
 
  Received Frame Quality:
     Avg 4FSK Quality=91 on 11 frame(s)
************************************************************************************************
11:33:59.134
************************* ARQ session stats with G8BPQ  5 minutes ****************************
     LeaderDetects= 86   AvgLeader S+N:N(3KHz noise BW)= 7.942378 dB  LeaderSyncs= 86
     AvgCorrelationMax:MaxProd= 60.193138 over 86  correlations
     FrameSyncs=86  Good Frame Type Decodes=77  Failed Frame Type Decodes =9
     Avg Frame Type decode distance= 0.078698 over 82 decodes
 
  FSK:
     Good FSK Data Frame Decodes= 5  RecoveredFSKCarriers with Summation=0  Failed FSK Data Frame Decodes=0
     AccumFSKTracking= 0   over 2012 symbols   Good Data Frame Decodes= 5   Failed Data Frame Decodes=0
 
  PSK:
     Good PSK Data Frame Decodes=4  RecoveredPSKCarriers with Summation=0  Failed PSK Data Frame Decodes=0
     AccumPSKTracking=0  2 attempts over 6304 total PSK Symbols
 
  Squelch= 5 BusyDet= 5 Mode Shift UPs= 3   Mode Shift DOWNs= 0  Link Turnovers= 13
 
  Received Frame Quality:
     Avg 4FSK Quality=94 on 73 frame(s)
     Avg 4PSK Quality=98 on 2 frame(s)
     Avg 8PSK Quality=97 on 2 frame(s)
************************************************************************************************
11:45:44.864
************************* ARQ session stats with GM8BPQ-10  0 minutes ****************************
     LeaderDetects= 17   AvgLeader S+N:N(3KHz noise BW)= 5.381055 dB  LeaderSyncs= 17
     AvgCorrelationMax:MaxProd= 60.997841 over 17  correlations
     FrameSyncs=17  Good Frame Type Decodes=11  Failed Frame Type Decodes =6
     Avg Frame Type decode distance= 0.045812 over 11 decodes
 
  FSK:
     Good FSK Data Frame Decodes= 4  RecoveredFSKCarriers with Summation=0  Failed FSK Data Frame Decodes=0
     AccumFSKTracking= 0   over 1348 symbols   Good Data Frame Decodes= 4   Failed Data Frame Decodes=0
  Squelch= 5 BusyDet= 5 Mode Shift UPs= 0   Mode Shift DOWNs= 0  Link Turnovers= 1
 
  Received Frame Quality:
     Avg 4FSK Quality=92 on 11 frame(s)
************************************************************************************************
11:47:16.322
************************* ARQ session stats with G8BPQ  0 minutes ****************************
     LeaderDetects= 19   AvgLeader S+N:N(3KHz noise BW)= 8.342517 dB  LeaderSyncs= 19
     AvgCorrelationMax:MaxProd= 60.676617 over 19  correlations
     FrameSyncs=19  Good Frame Type Decodes=14  Failed Frame Type Decodes =5
     Avg Frame Type decode distance= 0.079000 over 13 decodes
 
  FSK:
     Good FSK Data Frame Decodes= 4  RecoveredFSKCarriers with Summation=0  Failed FSK Data Frame Decodes=0
     AccumFSKTracking= 0   over 1348 symbols   Good Data Frame Decodes= 4   Failed Data Frame Decodes=0
  Squelch= 5 BusyDet= 5 Mode Shift UPs= 0   Mode Shift DOWNs= 0  Link Turnovers= 3
 
  Received Frame Quality:
     Avg 4FSK Quality=92 on 14 frame(s)
************************************************************************************************
11:49:17.749
************************* ARQ session stats with G8BPQ  0 minutes ****************************
     LeaderDetects= 19   AvgLeader S+N:N(3KHz noise BW)= 8.357276 dB  LeaderSyncs= 19
     AvgCorrelationMax:MaxProd= 60.105846 over 19  correlations
     FrameSyncs=19  Good Frame Type Decodes=14  Failed Frame Type Decodes =5
     Avg Frame Type decode distance= 0.128462 over 14 decodes
 
  FSK:
     Good FSK Data Frame Decodes= 4  RecoveredFSKCarriers with Summation=0  Failed FSK Data Frame Decodes=0
     AccumFSKTracking= 0   over 1348 symbols   Good Data Frame Decodes= 4   Failed Data Frame Decodes=0
  Squelch= 5 BusyDet= 5 Mode Shift UPs= 1   Mode Shift DOWNs= 0  Link Turnovers= 3
 
  Received Frame Quality:
     Avg 4FSK Quality=92 on 14 frame(s)
************************************************************************************************
12:00:29.261
************************* ARQ session stats with G8BPQ  0 minutes ****************************
     LeaderDetects= 19   AvgLeader S+N:N(3KHz noise BW)= 11.129192 dB  LeaderSyncs= 19
     AvgCorrelationMax:MaxProd= 60.614784 over 19  correlations
     FrameSyncs=19  Good Frame Type Decodes=14  Failed Frame Type Decodes =5
     Avg Frame Type decode distance= 0.102698 over 15 decodes
 
  FSK:
     Good FSK Data Frame Decodes= 4  RecoveredFSKCarriers with Summation=0  Failed FSK Data Frame Decodes=0
     AccumFSKTracking= 0   over 1348 symbols   Good Data Frame Decodes= 4   Failed Data Frame Decodes=0
  Squelch= 5 BusyDet= 5 Mode Shift UPs= 0   Mode Shift DOWNs= 0  Link Turnovers= 3
 
  Received Frame Quality:
     Avg 4FSK Quality=92 on 14 frame(s)
************************************************************************************************
12:08:00.320
************************* ARQ session stats with G8BPQ  0 minutes ****************************
     LeaderDetects= 20   AvgLeader S+N:N(3KHz noise BW)= -1.341170 dB  LeaderSyncs= 20
     AvgCorrelationMax:MaxProd= 60.391964 over 20  correlations
     FrameSyncs=20  Good Frame Type Decodes=15  Failed Frame Type Decodes =5
     Avg Frame Type decode distance= 0.117864 over 15 decodes
 
  FSK:
     Good FSK Data Frame Decodes= 4  RecoveredFSKCarriers with Summation=0  Failed FSK Data Frame Decodes=0
     AccumFSKTracking= 0   over 1348 symbols   Good Data Frame Decodes= 4   Failed Data Frame Decodes=0
  Squelch= 5 BusyDet= 5 Mode Shift UPs= 1   Mode Shift DOWNs= 0  Link Turnovers= 3
 
  Received Frame Quality:
     Avg 4FSK Quality=91 on 15 frame(s)
************************************************************************************************
12:13:23.396
************************* ARQ session stats with G8BPQ  1 minutes ****************************
     LeaderDetects= 22   AvgLeader S+N:N(3KHz noise BW)= -2.448024 dB  LeaderSyncs= 22
     AvgCorrelationMax:MaxProd= 60.482491 over 22  correlations
     FrameSyncs=22  Good Frame Type Decodes=15  Failed Frame Type Decodes =6
     Avg Frame Type decode distance= 0.107425 over 16 decodes
 
  FSK:
     Good FSK Data Frame Decodes= 4  RecoveredFSKCarriers with Summation=0  Failed FSK Data Frame Decodes=0
     AccumFSKTracking= 0   over 1348 symbols   Good Data Frame Decodes= 4   Failed Data Frame Decodes=0
  Squelch= 5 BusyDet= 5 Mode Shift UPs= 0   Mode Shift DOWNs= 0  Link Turnovers= 3
 
  Received Frame Quality:
     Avg 4FSK Quality=89 on 15 frame(s)
************************************************************************************************
12:21:20.621
************************* ARQ session stats with G8BPQ  2 minutes ****************************
     LeaderDetects= 58   AvgLeader S+N:N(3KHz noise BW)= 7.932265 dB  LeaderSyncs= 58
     AvgCorrelationMax:MaxProd= 56.421310 over 58  correlations
     FrameSyncs=57  Good Frame Type Decodes=1  Failed Frame Type Decodes =56
     Avg Frame Type decode distance= 0.000000 over 0 decodes
 
  FSK:
     Good FSK Data Frame Decodes= 1  RecoveredFSKCarriers with Summation=0  Failed FSK Data Frame Decodes=0
     AccumFSKTracking= 0   over 20 symbols   Good Data Frame Decodes= 1   Failed Data Frame Decodes=0
  Squelch= 5 BusyDet= 5 Mode Shift UPs= 0   Mode Shift DOWNs= 0  Link Turnovers= 0
 
  Received Frame Quality:
     Avg 4FSK Quality=57 on 1 frame(s)
************************************************************************************************
12:22:33.796
************************* ARQ session stats with G8BPQ  0 minutes ****************************
     LeaderDetects= 17   AvgLeader S+N:N(3KHz noise BW)= -5.618417 dB  LeaderSyncs= 17
     AvgCorrelationMax:MaxProd= 60.078876 over 17  correlations
     FrameSyncs=17  Good Frame Type Decodes=14  Failed Frame Type Decodes =3
     Avg Frame Type decode distance= 0.087145 over 13 decodes
 
  FSK:
     Good FSK Data Frame Decodes= 4  RecoveredFSKCarriers with Summation=0  Failed FSK Data Frame Decodes=0
     AccumFSKTracking= 0   over 1348 symbols   Good Data Frame Decodes= 4   Failed Data Frame Decodes=0
  Squelch= 5 BusyDet= 5 Mode Shift UPs= 1   Mode Shift DOWNs= 0  Link Turnovers= 3
 
  Received Frame Quality:
     Avg 4FSK Quality=91 on 14 frame(s)
************************************************************************************************
12:46:37.989
************************* ARQ session stats with G8BPQ  4 minutes ****************************
     LeaderDetects= 9   AvgLeader S+N:N(3KHz noise BW)= 19.902221 dB  LeaderSyncs= 9
     AvgCorrelationMax:MaxProd= 58.708942 over 9  correlations
     FrameSyncs=9  Good Frame Type Decodes=2  Failed Frame Type Decodes =5
     Avg Frame Type decode distance= 0.000000 over 0 decodes
 
  FSK:
     Good FSK Data Frame Decodes= 1  RecoveredFSKCarriers with Summation=0  Failed FSK Data Frame Decodes=0
     AccumFSKTracking= 0   over 24 symbols   Good Data Frame Decodes= 1   Failed Data Frame Decodes=0
  Squelch= 5 BusyDet= 5 Mode Shift UPs= 0   Mode Shift DOWNs= 0  Link Turnovers= 0
 
  Received Frame Quality:
     Avg 4FSK Quality=57 on 1 frame(s)
************************************************************************************************
12:50:45.789
************************* ARQ session stats with G8BPQ  1 minutes ****************************
     LeaderDetects= 22   AvgLeader S+N:N(3KHz noise BW)= 3.591602 dB  LeaderSyncs= 22
     AvgCorrelationMax:MaxProd= 60.110435 over 22  correlations
     FrameSyncs=21  Good Frame Type Decodes=14  Failed Frame Type Decodes =7
     Avg Frame Type decode distance= 0.268363 over 17 decodes
 
  FSK:
     Good FSK Data Frame Decodes= 4  RecoveredFSKCarriers with Summation=0  Failed FSK Data Frame Decodes=0
     AccumFSKTracking= 0   over 1348 symbols   Good Data Frame Decodes= 4   Failed Data Frame Decodes=0
  Squelch= 5 BusyDet= 5 Mode Shift UPs= 0   Mode Shift DOWNs= 0  Link Turnovers= 3
 
  Received Frame Quality:
     Avg 4FSK Quality=90 on 14 frame(s)
************************************************************************************************
12:59:40.442
************************* ARQ session stats with G8BPQ  3 minutes ****************************
     LeaderDetects= 43   AvgLeader S+N:N(3KHz noise BW)= -9.916720 dB  LeaderSyncs= 43
     AvgCorrelationMax:MaxProd= 50.103535 over 43  correlations
     FrameSyncs=43  Good Frame Type Decodes=12  Failed Frame Type Decodes =31
     Avg Frame Type decode distance= 0.744775 over 39 decodes
 
  FSK:
     Good FSK Data Frame Decodes= 4  RecoveredFSKCarriers with Summation=0  Failed FSK Data Frame Decodes=0
     AccumFSKTracking= 0   over 1348 symbols   Good Data Frame Decodes= 4   Failed Data Frame Decodes=0
  Squelch= 5 BusyDet= 5 Mode Shift UPs= 0   Mode Shift DOWNs= 0  Link Turnovers= 3
 
  Received Frame Quality:
     Avg 4FSK Quality=92 on 12 frame(s)
************************************************************************************************
13:22:34.422
************************* ARQ session stats with G8BPQ  0 minutes ****************************
     LeaderDetects= 18   AvgLeader S+N:N(3KHz noise BW)= 1.337388 dB  LeaderSyncs= 18
     AvgCorrelationMax:MaxProd= 60.605255 over 18  correlations
     FrameSyncs=18  Good Frame Type Decodes=14  Failed Frame Type Decodes =4
     Avg Frame Type decode distance= 0.086227 over 14 decodes
 
  FSK:
     Good FSK Data Frame Decodes= 4  RecoveredFSKCarriers with Summation=0  Failed FSK Data Frame Decodes=0
     AccumFSKTracking= 0   over 1348 symbols   Good Data Frame Decodes= 4   Failed Data Frame Decodes=0
  Squelch= 5 BusyDet= 5 Mode Shift UPs= 0   Mode Shift DOWNs= 0  Link Turnovers= 3
 
  Received Frame Quality:
     Avg 4FSK Quality=91 on 14 frame(s)
************************************************************************************************
14:38:21.001
************************* ARQ session stats with G8BPQ  75 minutes ****************************
     LeaderDetects= 5   AvgLeader S+N:N(3KHz noise BW)= -5.926045 dB  LeaderSyncs= 5
     AvgCorrelationMax:MaxProd= 57.799099 over 5  correlations
     FrameSyncs=5  Good Frame Type Decodes=1  Failed Frame Type Decodes =3
     Avg Frame Type decode distance= 0.000000 over 0 decodes
 
  FSK:
     Good FSK Data Frame Decodes= 1  RecoveredFSKCarriers with Summation=0  Failed FSK Data Frame Decodes=0
     AccumFSKTracking= 0   over 20 symbols   Good Data Frame Decodes= 1   Failed Data Frame Decodes=0
  Squelch= 5 BusyDet= 5 Mode Shift UPs= 0   Mode Shift DOWNs= 0  Link Turnovers= 0
 
  Received Frame Quality:
     Avg 4FSK Quality=57 on 1 frame(s)
************************************************************************************************
14:40:39.977
************************* ARQ session stats with G8BPQ  1 minutes ****************************
     LeaderDetects= 22   AvgLeader S+N:N(3KHz noise BW)= -2.800578 dB  LeaderSyncs= 22
     AvgCorrelationMax:MaxProd= 61.046665 over 22  correlations
     FrameSyncs=22  Good Frame Type Decodes=17  Failed Frame Type Decodes =5
     Avg Frame Type decode distance= 0.089665 over 18 decodes
 
  FSK:
     Good FSK Data Frame Decodes= 3  RecoveredFSKCarriers with Summation=0  Failed FSK Data Frame Decodes=0
     AccumFSKTracking= 0   over 684 symbols   Good Data Frame Decodes= 3   Failed Data Frame Decodes=0
 
  PSK:
     Good PSK Data Frame Decodes=2  RecoveredPSKCarriers with Summation=0  Failed PSK Data Frame Decodes=1
     AccumPSKTracking=0  2 attempts over 2376 total PSK Symbols
 
  Squelch= 5 BusyDet= 5 Mode Shift UPs= 1   Mode Shift DOWNs= 0  Link Turnovers= 3
 
  Received Frame Quality:
     Avg 4FSK Quality=90 on 14 frame(s)
     Avg 4PSK Quality=95 on 3 frame(s)
************************************************************************************************
14:47:09.337
************************* ARQ session stats with GM8BPQ-10  0 minutes ****************************
     LeaderDetects= 18   AvgLeader S+N:N(3KHz noise BW)= -0.681714 dB  LeaderSyncs= 18
     AvgCorrelationMax:MaxProd= 60.041790 over 18  correlations
     FrameSyncs=18  Good Frame Type Decodes=15  Failed Frame Type Decodes =3
     Avg Frame Type decode distance= 0.075905 over 14 decodes
 
  FSK:
     Good FSK Data Frame Decodes= 3  RecoveredFSKCarriers with Summation=0  Failed FSK Data Frame Decodes=0
     AccumFSKTracking= 0   over 684 symbols   Good Data Frame Decodes= 3   Failed Data Frame Decodes=0
 
  PSK:
     Good PSK Data Frame Decodes=1  RecoveredPSKCarriers with Summation=0  Failed PSK Data Frame Decodes=0
     AccumPSKTracking=-2  2 attempts over 792 total PSK Symbols
 
  Squelch= 5 BusyDet= 5 Mode Shift UPs= 1   Mode Shift DOWNs= 0  Link Turnovers= 3
 
  Received Frame Quality:
     Avg 4FSK Quality=92 on 14 frame(s)
     Avg 4PSK Quality=98 on 1 frame(s)
************************************************************************************************
