10:56:54.820
************************* ARQ session stats with G8BPQ  1 minutes ****************************
     LeaderDetects= 25   AvgLeader S+N:N(3KHz noise BW)= 4.082046 dB  LeaderSyncs= 25
     AvgCorrelationMax:MaxProd= 60.724503 over 25  correlations
     FrameSyncs=25  Good Frame Type Decodes=17  Failed Frame Type Decodes =8
     Avg Frame Type decode distance= 0.168119 over 18 decodes
 
  FSK:
     Good FSK Data Frame Decodes= 4  RecoveredFSKCarriers with Summation=0  Failed FSK Data Frame Decodes=0
     AccumFSKTracking= 0   over 1348 symbols   Good Data Frame Decodes= 4   Failed Data Frame Decodes=0
  Squelch= 5 BusyDet= 5 Mode Shift UPs= 1   Mode Shift DOWNs= 0  Link Turnovers= 4
 
  Received Frame Quality:
     Avg 4FSK Quality=92 on 17 frame(s)
************************************************************************************************
11:09:33.138
************************* ARQ session stats with G8BPQ  3 minutes ****************************
     LeaderDetects= 52   AvgLeader S+N:N(3KHz noise BW)= 4.888122 dB  LeaderSyncs= 52
     AvgCorrelationMax:MaxProd= 59.758869 over 52  correlations
     FrameSyncs=52  Good Frame Type Decodes=45  Failed Frame Type Decodes =7
     Avg Frame Type decode distance= 0.093176 over 48 decodes
 
  FSK:
     Good FSK Data Frame Decodes= 5  RecoveredFSKCarriers with Summation=0  Failed FSK Data Frame Decodes=0
     AccumFSKTracking= 0   over 2012 symbols   Good Data Frame Decodes= 5   Failed Data Frame Decodes=0
  Squelch= 5 BusyDet= 5 Mode Shift UPs= 3   Mode Shift DOWNs= 0  Link Turnovers= 6
 
  Received Frame Quality:
     Avg 4FSK Quality=94 on 45 frame(s)
************************************************************************************************
